mode: set
github.com/doomedramen/lab/apps/api/cmd/diag-shutdown/main.go:16.13,17.22 1 0
github.com/doomedramen/lab/apps/api/cmd/diag-shutdown/main.go:17.22,19.3 1 0
github.com/doomedramen/lab/apps/api/cmd/diag-shutdown/main.go:20.2,23.16 3 0
github.com/doomedramen/lab/apps/api/cmd/diag-shutdown/main.go:23.16,25.3 1 0
github.com/doomedramen/lab/apps/api/cmd/diag-shutdown/main.go:26.2,29.16 3 0
github.com/doomedramen/lab/apps/api/cmd/diag-shutdown/main.go:29.16,31.3 1 0
github.com/doomedramen/lab/apps/api/cmd/diag-shutdown/main.go:32.2,36.16 3 0
github.com/doomedramen/lab/apps/api/cmd/diag-shutdown/main.go:36.16,38.3 1 0
github.com/doomedramen/lab/apps/api/cmd/diag-shutdown/main.go:39.2,44.16 4 0
github.com/doomedramen/lab/apps/api/cmd/diag-shutdown/main.go:44.16,46.3 1 0
github.com/doomedramen/lab/apps/api/cmd/diag-shutdown/main.go:47.2,48.49 2 0
github.com/doomedramen/lab/apps/api/cmd/diag-shutdown/main.go:48.49,50.3 1 0
github.com/doomedramen/lab/apps/api/cmd/diag-shutdown/main.go:52.2,53.28 2 0
github.com/doomedramen/lab/apps/api/cmd/diag-shutdown/main.go:53.28,57.3 3 0
github.com/doomedramen/lab/apps/api/cmd/diag-shutdown/main.go:57.8,59.3 1 0
github.com/doomedramen/lab/apps/api/cmd/diag-shutdown/main.go:61.2,62.29 2 0
github.com/doomedramen/lab/apps/api/cmd/diag-shutdown/main.go:62.29,64.3 1 0
github.com/doomedramen/lab/apps/api/cmd/diag-shutdown/main.go:65.2,65.27 1 0
github.com/doomedramen/lab/apps/api/cmd/diag-shutdown/main.go:65.27,67.3 1 0
github.com/doomedramen/lab/apps/api/cmd/diag-shutdown/main.go:68.2,68.26 1 0
github.com/doomedramen/lab/apps/api/cmd/diag-shutdown/main.go:68.26,70.3 1 0
github.com/doomedramen/lab/apps/api/cmd/diag-shutdown/main.go:73.2,74.27 2 0
github.com/doomedramen/lab/apps/api/cmd/diag-shutdown/main.go:74.27,75.46 1 0
github.com/doomedramen/lab/apps/api/cmd/diag-shutdown/main.go:75.46,77.55 1 0
github.com/doomedramen/lab/apps/api/cmd/diag-shutdown/main.go:77.55,79.5 1 0
github.com/doomedramen/lab/apps/api/cmd/diag-shutdown/main.go:82.2,84.37 2 0
github.com/doomedramen/lab/apps/api/cmd/diag-shutdown/main.go:84.37,86.38 2 0
github.com/doomedramen/lab/apps/api/cmd/diag-shutdown/main.go:86.38,88.4 1 0
github.com/doomedramen/lab/apps/api/cmd/diag-shutdown/main.go:89.3,91.58 3 0
github.com/doomedramen/lab/apps/api/cmd/diag-shutdown/main.go:95.2,105.23 3 0
github.com/doomedramen/lab/apps/api/cmd/diag-shutdown/main.go:105.23,108.3 2 0
github.com/doomedramen/lab/apps/api/cmd/diag-shutdown/main.go:110.2,113.56 3 0
github.com/doomedramen/lab/apps/api/cmd/diag-shutdown/main.go:113.56,115.3 1 0
github.com/doomedramen/lab/apps/api/cmd/diag-shutdown/main.go:115.8,117.3 1 0
github.com/doomedramen/lab/apps/api/cmd/diag-shutdown/main.go:120.2,121.20 2 0
github.com/doomedramen/lab/apps/api/cmd/diag-shutdown/main.go:121.20,125.34 4 0
github.com/doomedramen/lab/apps/api/cmd/diag-shutdown/main.go:125.34,128.4 2 0
github.com/doomedramen/lab/apps/api/cmd/diag-shutdown/main.go:131.2,133.73 3 0
github.com/doomedramen/lab/apps/api/cmd/diag-shutdown/main.go:133.73,135.3 1 0
github.com/doomedramen/lab/apps/api/cmd/diag-shutdown/main.go:135.8,137.3 1 0
github.com/doomedramen/lab/apps/api/cmd/diag-shutdown/main.go:140.46,141.11 1 0
github.com/doomedramen/lab/apps/api/cmd/diag-shutdown/main.go:142.30,143.19 1 0
github.com/doomedramen/lab/apps/api/cmd/diag-shutdown/main.go:144.30,145.19 1 0
github.com/doomedramen/lab/apps/api/cmd/diag-shutdown/main.go:146.30,147.19 1 0
github.com/doomedramen/lab/apps/api/cmd/diag-shutdown/main.go:148.29,149.18 1 0
github.com/doomedramen/lab/apps/api/cmd/diag-shutdown/main.go:150.31,151.20 1 0
github.com/doomedramen/lab/apps/api/cmd/diag-shutdown/main.go:152.30,153.19 1 0
github.com/doomedramen/lab/apps/api/cmd/diag-shutdown/main.go:154.30,155.19 1 0
github.com/doomedramen/lab/apps/api/cmd/diag-shutdown/main.go:156.34,157.23 1 0
github.com/doomedramen/lab/apps/api/cmd/diag-shutdown/main.go:158.10,159.39 1 0
github.com/doomedramen/lab/apps/api/cmd/server/main.go:28.13,33.48 2 0
github.com/doomedramen/lab/apps/api/cmd/server/main.go:33.48,35.3 1 0
github.com/doomedramen/lab/apps/api/cmd/server/main.go:38.2,44.16 2 0
github.com/doomedramen/lab/apps/api/cmd/server/main.go:44.16,46.3 1 0
github.com/doomedramen/lab/apps/api/cmd/server/main.go:46.8,49.3 2 0
github.com/doomedramen/lab/apps/api/cmd/server/main.go:52.2,57.15 2 0
github.com/doomedramen/lab/apps/api/cmd/server/main.go:57.15,61.3 3 0
github.com/doomedramen/lab/apps/api/cmd/server/main.go:64.2,70.15 2 0
github.com/doomedramen/lab/apps/api/cmd/server/main.go:70.15,75.3 4 0
github.com/doomedramen/lab/apps/api/cmd/server/main.go:78.2,79.21 2 0
github.com/doomedramen/lab/apps/api/cmd/server/main.go:79.21,81.31 1 0
github.com/doomedramen/lab/apps/api/cmd/server/main.go:81.31,82.38 1 0
github.com/doomedramen/lab/apps/api/cmd/server/main.go:82.38,84.5 1 0
github.com/doomedramen/lab/apps/api/cmd/server/main.go:85.4,85.70 1 0
github.com/doomedramen/lab/apps/api/cmd/server/main.go:88.3,100.52 2 0
github.com/doomedramen/lab/apps/api/cmd/server/main.go:104.2,116.16 4 0
github.com/doomedramen/lab/apps/api/cmd/server/main.go:116.16,118.3 1 0
github.com/doomedramen/lab/apps/api/cmd/server/main.go:119.2,126.33 5 0
github.com/doomedramen/lab/apps/api/cmd/server/main.go:126.33,129.3 2 0
github.com/doomedramen/lab/apps/api/cmd/server/main.go:129.8,132.3 2 0
github.com/doomedramen/lab/apps/api/cmd/server/main.go:133.2,145.43 9 0
github.com/doomedramen/lab/apps/api/cmd/server/main.go:145.43,159.3 4 0
github.com/doomedramen/lab/apps/api/cmd/server/main.go:162.2,171.16 4 0
github.com/doomedramen/lab/apps/api/cmd/server/main.go:171.16,173.3 1 0
github.com/doomedramen/lab/apps/api/cmd/server/main.go:176.2,177.24 2 0
github.com/doomedramen/lab/apps/api/cmd/server/main.go:177.24,179.46 2 0
github.com/doomedramen/lab/apps/api/cmd/server/main.go:179.46,182.4 1 0
github.com/doomedramen/lab/apps/api/cmd/server/main.go:184.3,192.4 1 0
github.com/doomedramen/lab/apps/api/cmd/server/main.go:196.2,199.43 2 0
github.com/doomedramen/lab/apps/api/cmd/server/main.go:199.43,202.3 2 0
github.com/doomedramen/lab/apps/api/cmd/server/main.go:208.2,218.12 3 0
github.com/doomedramen/lab/apps/api/cmd/server/main.go:218.12,220.77 2 0
github.com/doomedramen/lab/apps/api/cmd/server/main.go:220.77,222.4 1 0
github.com/doomedramen/lab/apps/api/cmd/server/main.go:226.2,235.42 7 0
github.com/doomedramen/lab/apps/api/cmd/server/main.go:235.42,237.3 1 0
github.com/doomedramen/lab/apps/api/cmd/server/main.go:239.2,239.30 1 0
github.com/doomedramen/lab/apps/api/cmd/server/main.go:243.44,245.16 2 0
github.com/doomedramen/lab/apps/api/cmd/server/main.go:245.16,247.14 1 0
github.com/doomedramen/lab/apps/api/cmd/server/main.go:247.14,249.4 1 0
github.com/doomedramen/lab/apps/api/cmd/server/main.go:250.3,251.26 2 0
github.com/doomedramen/lab/apps/api/cmd/server/main.go:253.2,253.10 1 0
github.com/doomedramen/lab/apps/api/internal/config/config.go:95.21,100.54 3 0
github.com/doomedramen/lab/apps/api/internal/config/config.go:100.54,101.51 1 0
github.com/doomedramen/lab/apps/api/internal/config/config.go:101.51,103.4 1 0
github.com/doomedramen/lab/apps/api/internal/config/config.go:107.2,113.39 3 0
github.com/doomedramen/lab/apps/api/internal/config/config.go:113.39,115.3 1 0
github.com/doomedramen/lab/apps/api/internal/config/config.go:117.2,117.12 1 0
github.com/doomedramen/lab/apps/api/internal/config/config.go:121.25,173.2 3 0
github.com/doomedramen/lab/apps/api/internal/config/config.go:176.35,178.60 1 0
github.com/doomedramen/lab/apps/api/internal/config/config.go:178.60,180.3 1 0
github.com/doomedramen/lab/apps/api/internal/config/config.go:181.2,181.12 1 0
github.com/doomedramen/lab/apps/api/internal/config/config.go:185.29,187.50 1 0
github.com/doomedramen/lab/apps/api/internal/config/config.go:187.50,189.3 1 0
github.com/doomedramen/lab/apps/api/internal/config/config.go:192.2,193.41 2 0
github.com/doomedramen/lab/apps/api/internal/config/config.go:193.41,194.42 1 0
github.com/doomedramen/lab/apps/api/internal/config/config.go:194.42,196.4 1 0
github.com/doomedramen/lab/apps/api/internal/config/config.go:200.2,200.22 1 0
github.com/doomedramen/lab/apps/api/internal/config/config.go:204.37,206.43 1 0
github.com/doomedramen/lab/apps/api/internal/config/config.go:206.43,208.3 1 0
github.com/doomedramen/lab/apps/api/internal/config/config.go:209.2,209.40 1 0
github.com/doomedramen/lab/apps/api/internal/config/config.go:209.40,211.3 1 0
github.com/doomedramen/lab/apps/api/internal/config/config.go:214.2,214.52 1 0
github.com/doomedramen/lab/apps/api/internal/config/config.go:214.52,216.3 1 0
github.com/doomedramen/lab/apps/api/internal/config/config.go:219.2,219.48 1 0
github.com/doomedramen/lab/apps/api/internal/config/config.go:219.48,221.3 1 0
github.com/doomedramen/lab/apps/api/internal/config/config.go:224.2,224.44 1 0
github.com/doomedramen/lab/apps/api/internal/config/config.go:224.44,226.3 1 0
github.com/doomedramen/lab/apps/api/internal/config/config.go:227.2,227.48 1 0
github.com/doomedramen/lab/apps/api/internal/config/config.go:227.48,229.3 1 0
github.com/doomedramen/lab/apps/api/internal/config/config.go:230.2,230.47 1 0
github.com/doomedramen/lab/apps/api/internal/config/config.go:230.47,232.3 1 0
github.com/doomedramen/lab/apps/api/internal/config/config.go:235.2,235.53 1 0
github.com/doomedramen/lab/apps/api/internal/config/config.go:235.53,237.3 1 0
github.com/doomedramen/lab/apps/api/internal/config/config.go:238.2,238.62 1 0
github.com/doomedramen/lab/apps/api/internal/config/config.go:238.62,240.3 1 0
github.com/doomedramen/lab/apps/api/internal/config/config.go:241.2,241.63 1 0
github.com/doomedramen/lab/apps/api/internal/config/config.go:241.63,243.3 1 0
github.com/doomedramen/lab/apps/api/internal/config/config.go:244.2,244.53 1 0
github.com/doomedramen/lab/apps/api/internal/config/config.go:244.53,246.3 1 0
github.com/doomedramen/lab/apps/api/internal/config/config.go:250.32,253.19 3 0
github.com/doomedramen/lab/apps/api/internal/config/config.go:253.19,255.3 1 0
github.com/doomedramen/lab/apps/api/internal/config/config.go:258.2,258.28 1 0
github.com/doomedramen/lab/apps/api/internal/config/config.go:258.28,260.3 1 0
github.com/doomedramen/lab/apps/api/internal/config/config.go:263.2,263.31 1 0
github.com/doomedramen/lab/apps/api/internal/config/config.go:263.31,265.3 1 0
github.com/doomedramen/lab/apps/api/internal/config/config.go:268.2,268.39 1 0
github.com/doomedramen/lab/apps/api/internal/config/config.go:268.39,269.61 1 0
github.com/doomedramen/lab/apps/api/internal/config/config.go:269.61,271.4 1 0
github.com/doomedramen/lab/apps/api/internal/config/config.go:273.2,273.42 1 0
github.com/doomedramen/lab/apps/api/internal/config/config.go:273.42,274.64 1 0
github.com/doomedramen/lab/apps/api/internal/config/config.go:274.64,276.4 1 0
github.com/doomedramen/lab/apps/api/internal/config/config.go:282.57,283.14 1 0
github.com/doomedramen/lab/apps/api/internal/config/config.go:284.17,285.31 1 0
github.com/doomedramen/lab/apps/api/internal/config/config.go:285.31,287.4 1 0
github.com/doomedramen/lab/apps/api/internal/config/config.go:288.10,289.26 1 0
github.com/doomedramen/lab/apps/api/internal/config/config.go:289.26,291.4 1 0
github.com/doomedramen/lab/apps/api/internal/config/config.go:293.2,293.41 1 0
github.com/doomedramen/lab/apps/api/internal/config/config.go:297.54,298.29 1 0
github.com/doomedramen/lab/apps/api/internal/config/config.go:298.29,300.3 1 0
github.com/doomedramen/lab/apps/api/internal/config/config.go:301.2,301.46 1 0
github.com/doomedramen/lab/apps/api/internal/config/config.go:301.46,303.3 1 0
github.com/doomedramen/lab/apps/api/internal/config/config.go:304.2,304.41 1 0
github.com/doomedramen/lab/apps/api/internal/config/config.go:308.44,315.27 2 0
github.com/doomedramen/lab/apps/api/internal/config/config.go:315.27,316.48 1 0
github.com/doomedramen/lab/apps/api/internal/config/config.go:316.48,318.4 1 0
github.com/doomedramen/lab/apps/api/internal/config/config.go:321.2,321.12 1 0
github.com/doomedramen/lab/apps/api/internal/config/config.go:325.34,328.2 1 0
github.com/doomedramen/lab/apps/api/gen/lab/v1/labv1connect/auth.connect.go:98.122,181.2 3 0
github.com/doomedramen/lab/apps/api/gen/lab/v1/labv1connect/auth.connect.go:201.149,203.2 1 0
github.com/doomedramen/lab/apps/api/gen/lab/v1/labv1connect/auth.connect.go:206.140,208.2 1 0
github.com/doomedramen/lab/apps/api/gen/lab/v1/labv1connect/auth.connect.go:211.143,213.2 1 0
github.com/doomedramen/lab/apps/api/gen/lab/v1/labv1connect/auth.connect.go:216.161,218.2 1 0
github.com/doomedramen/lab/apps/api/gen/lab/v1/labv1connect/auth.connect.go:221.149,223.2 1 0
github.com/doomedramen/lab/apps/api/gen/lab/v1/labv1connect/auth.connect.go:226.152,228.2 1 0
github.com/doomedramen/lab/apps/api/gen/lab/v1/labv1connect/auth.connect.go:231.155,233.2 1 0
github.com/doomedramen/lab/apps/api/gen/lab/v1/labv1connect/auth.connect.go:236.164,238.2 1 0
github.com/doomedramen/lab/apps/api/gen/lab/v1/labv1connect/auth.connect.go:241.161,243.2 1 0
github.com/doomedramen/lab/apps/api/gen/lab/v1/labv1connect/auth.connect.go:246.158,248.2 1 0
github.com/doomedramen/lab/apps/api/gen/lab/v1/labv1connect/auth.connect.go:251.161,253.2 1 0
github.com/doomedramen/lab/apps/api/gen/lab/v1/labv1connect/auth.connect.go:256.167,258.2 1 0
github.com/doomedramen/lab/apps/api/gen/lab/v1/labv1connect/auth.connect.go:261.176,263.2 1 0
github.com/doomedramen/lab/apps/api/gen/lab/v1/labv1connect/auth.connect.go:291.106,371.95 15 0
github.com/doomedramen/lab/apps/api/gen/lab/v1/labv1connect/auth.connect.go:371.95,372.21 1 0
github.com/doomedramen/lab/apps/api/gen/lab/v1/labv1connect/auth.connect.go:373.37,374.46 1 0
github.com/doomedramen/lab/apps/api/gen/lab/v1/labv1connect/auth.connect.go:375.34,376.43 1 0
github.com/doomedramen/lab/apps/api/gen/lab/v1/labv1connect/auth.connect.go:377.35,378.44 1 0
github.com/doomedramen/lab/apps/api/gen/lab/v1/labv1connect/auth.connect.go:379.41,380.50 1 0
github.com/doomedramen/lab/apps/api/gen/lab/v1/labv1connect/auth.connect.go:381.37,382.46 1 0
github.com/doomedramen/lab/apps/api/gen/lab/v1/labv1connect/auth.connect.go:383.38,384.47 1 0
github.com/doomedramen/lab/apps/api/gen/lab/v1/labv1connect/auth.connect.go:385.39,386.48 1 0
github.com/doomedramen/lab/apps/api/gen/lab/v1/labv1connect/auth.connect.go:387.42,388.51 1 0
github.com/doomedramen/lab/apps/api/gen/lab/v1/labv1connect/auth.connect.go:389.41,390.50 1 0
github.com/doomedramen/lab/apps/api/gen/lab/v1/labv1connect/auth.connect.go:391.40,392.49 1 0
github.com/doomedramen/lab/apps/api/gen/lab/v1/labv1connect/auth.connect.go:393.41,394.50 1 0
github.com/doomedramen/lab/apps/api/gen/lab/v1/labv1connect/auth.connect.go:395.43,396.52 1 0
github.com/doomedramen/lab/apps/api/gen/lab/v1/labv1connect/auth.connect.go:397.46,398.55 1 0
github.com/doomedramen/lab/apps/api/gen/lab/v1/labv1connect/auth.connect.go:399.11,400.23 1 0
github.com/doomedramen/lab/apps/api/gen/lab/v1/labv1connect/auth.connect.go:408.152,410.2 1 0
github.com/doomedramen/lab/apps/api/gen/lab/v1/labv1connect/auth.connect.go:412.143,414.2 1 0
github.com/doomedramen/lab/apps/api/gen/lab/v1/labv1connect/auth.connect.go:416.146,418.2 1 0
github.com/doomedramen/lab/apps/api/gen/lab/v1/labv1connect/auth.connect.go:420.164,422.2 1 0
github.com/doomedramen/lab/apps/api/gen/lab/v1/labv1connect/auth.connect.go:424.152,426.2 1 0
github.com/doomedramen/lab/apps/api/gen/lab/v1/labv1connect/auth.connect.go:428.155,430.2 1 0
github.com/doomedramen/lab/apps/api/gen/lab/v1/labv1connect/auth.connect.go:432.158,434.2 1 0
github.com/doomedramen/lab/apps/api/gen/lab/v1/labv1connect/auth.connect.go:436.167,438.2 1 0
github.com/doomedramen/lab/apps/api/gen/lab/v1/labv1connect/auth.connect.go:440.164,442.2 1 0
github.com/doomedramen/lab/apps/api/gen/lab/v1/labv1connect/auth.connect.go:444.161,446.2 1 0
github.com/doomedramen/lab/apps/api/gen/lab/v1/labv1connect/auth.connect.go:448.164,450.2 1 0
github.com/doomedramen/lab/apps/api/gen/lab/v1/labv1connect/auth.connect.go:452.170,454.2 1 0
github.com/doomedramen/lab/apps/api/gen/lab/v1/labv1connect/auth.connect.go:456.179,458.2 1 0
github.com/doomedramen/lab/apps/api/gen/lab/v1/labv1connect/cluster.connect.go:57.128,74.2 3 0
github.com/doomedramen/lab/apps/api/gen/lab/v1/labv1connect/cluster.connect.go:83.179,85.2 1 0
github.com/doomedramen/lab/apps/api/gen/lab/v1/labv1connect/cluster.connect.go:88.179,90.2 1 0
github.com/doomedramen/lab/apps/api/gen/lab/v1/labv1connect/cluster.connect.go:103.112,117.98 4 0
github.com/doomedramen/lab/apps/api/gen/lab/v1/labv1connect/cluster.connect.go:117.98,118.21 1 0
github.com/doomedramen/lab/apps/api/gen/lab/v1/labv1connect/cluster.connect.go:119.49,120.58 1 0
github.com/doomedramen/lab/apps/api/gen/lab/v1/labv1connect/cluster.connect.go:121.49,122.58 1 0
github.com/doomedramen/lab/apps/api/gen/lab/v1/labv1connect/cluster.connect.go:123.11,124.23 1 0
github.com/doomedramen/lab/apps/api/gen/lab/v1/labv1connect/cluster.connect.go:132.182,134.2 1 0
github.com/doomedramen/lab/apps/api/gen/lab/v1/labv1connect/cluster.connect.go:136.182,138.2 1 0
github.com/doomedramen/lab/apps/api/gen/lab/v1/labv1connect/container.connect.go:81.132,134.2 3 0
github.com/doomedramen/lab/apps/api/gen/lab/v1/labv1connect/container.connect.go:149.172,151.2 1 0
github.com/doomedramen/lab/apps/api/gen/lab/v1/labv1connect/container.connect.go:154.166,156.2 1 0
github.com/doomedramen/lab/apps/api/gen/lab/v1/labv1connect/container.connect.go:159.175,161.2 1 0
github.com/doomedramen/lab/apps/api/gen/lab/v1/labv1connect/container.connect.go:164.175,166.2 1 0
github.com/doomedramen/lab/apps/api/gen/lab/v1/labv1connect/container.connect.go:169.175,171.2 1 0
github.com/doomedramen/lab/apps/api/gen/lab/v1/labv1connect/container.connect.go:174.165,176.2 1 0
github.com/doomedramen/lab/apps/api/gen/lab/v1/labv1connect/container.connect.go:179.164,181.2 1 0
github.com/doomedramen/lab/apps/api/gen/lab/v1/labv1connect/container.connect.go:184.166,186.2 1 0
github.com/doomedramen/lab/apps/api/gen/lab/v1/labv1connect/container.connect.go:205.116,255.100 10 0
github.com/doomedramen/lab/apps/api/gen/lab/v1/labv1connect/container.connect.go:255.100,256.21 1 0
github.com/doomedramen/lab/apps/api/gen/lab/v1/labv1connect/container.connect.go:257.48,258.57 1 0
github.com/doomedramen/lab/apps/api/gen/lab/v1/labv1connect/container.connect.go:259.46,260.55 1 0
github.com/doomedramen/lab/apps/api/gen/lab/v1/labv1connect/container.connect.go:261.49,262.58 1 0
github.com/doomedramen/lab/apps/api/gen/lab/v1/labv1connect/container.connect.go:263.49,264.58 1 0
github.com/doomedramen/lab/apps/api/gen/lab/v1/labv1connect/container.connect.go:265.49,266.58 1 0
github.com/doomedramen/lab/apps/api/gen/lab/v1/labv1connect/container.connect.go:267.48,268.57 1 0
github.com/doomedramen/lab/apps/api/gen/lab/v1/labv1connect/container.connect.go:269.47,270.56 1 0
github.com/doomedramen/lab/apps/api/gen/lab/v1/labv1connect/container.connect.go:271.49,272.58 1 0
github.com/doomedramen/lab/apps/api/gen/lab/v1/labv1connect/container.connect.go:273.11,274.23 1 0
github.com/doomedramen/lab/apps/api/gen/lab/v1/labv1connect/container.connect.go:282.175,284.2 1 0
github.com/doomedramen/lab/apps/api/gen/lab/v1/labv1connect/container.connect.go:286.169,288.2 1 0
github.com/doomedramen/lab/apps/api/gen/lab/v1/labv1connect/container.connect.go:290.178,292.2 1 0
github.com/doomedramen/lab/apps/api/gen/lab/v1/labv1connect/container.connect.go:294.178,296.2 1 0
github.com/doomedramen/lab/apps/api/gen/lab/v1/labv1connect/container.connect.go:298.178,300.2 1 0
github.com/doomedramen/lab/apps/api/gen/lab/v1/labv1connect/container.connect.go:302.168,304.2 1 0
github.com/doomedramen/lab/apps/api/gen/lab/v1/labv1connect/container.connect.go:306.167,308.2 1 0
github.com/doomedramen/lab/apps/api/gen/lab/v1/labv1connect/container.connect.go:310.169,312.2 1 0
github.com/doomedramen/lab/apps/api/gen/lab/v1/labv1connect/iso.connect.go:73.120,120.2 3 0
github.com/doomedramen/lab/apps/api/gen/lab/v1/labv1connect/iso.connect.go:134.148,136.2 1 0
github.com/doomedramen/lab/apps/api/gen/lab/v1/labv1connect/iso.connect.go:139.142,141.2 1 0
github.com/doomedramen/lab/apps/api/gen/lab/v1/labv1connect/iso.connect.go:144.151,146.2 1 0
github.com/doomedramen/lab/apps/api/gen/lab/v1/labv1connect/iso.connect.go:149.172,151.2 1 0
github.com/doomedramen/lab/apps/api/gen/lab/v1/labv1connect/iso.connect.go:154.157,156.2 1 0
github.com/doomedramen/lab/apps/api/gen/lab/v1/labv1connect/iso.connect.go:159.190,161.2 1 0
github.com/doomedramen/lab/apps/api/gen/lab/v1/labv1connect/iso.connect.go:164.193,166.2 1 0
github.com/doomedramen/lab/apps/api/gen/lab/v1/labv1connect/iso.connect.go:184.104,228.94 9 0
github.com/doomedramen/lab/apps/api/gen/lab/v1/labv1connect/iso.connect.go:228.94,229.21 1 0
github.com/doomedramen/lab/apps/api/gen/lab/v1/labv1connect/iso.connect.go:230.36,231.45 1 0
github.com/doomedramen/lab/apps/api/gen/lab/v1/labv1connect/iso.connect.go:232.34,233.43 1 0
github.com/doomedramen/lab/apps/api/gen/lab/v1/labv1connect/iso.connect.go:234.37,235.46 1 0
github.com/doomedramen/lab/apps/api/gen/lab/v1/labv1connect/iso.connect.go:236.44,237.53 1 0
github.com/doomedramen/lab/apps/api/gen/lab/v1/labv1connect/iso.connect.go:238.39,239.48 1 0
github.com/doomedramen/lab/apps/api/gen/lab/v1/labv1connect/iso.connect.go:240.50,241.59 1 0
github.com/doomedramen/lab/apps/api/gen/lab/v1/labv1connect/iso.connect.go:242.51,243.60 1 0
github.com/doomedramen/lab/apps/api/gen/lab/v1/labv1connect/iso.connect.go:244.11,245.23 1 0
github.com/doomedramen/lab/apps/api/gen/lab/v1/labv1connect/iso.connect.go:253.151,255.2 1 0
github.com/doomedramen/lab/apps/api/gen/lab/v1/labv1connect/iso.connect.go:257.145,259.2 1 0
github.com/doomedramen/lab/apps/api/gen/lab/v1/labv1connect/iso.connect.go:261.154,263.2 1 0
github.com/doomedramen/lab/apps/api/gen/lab/v1/labv1connect/iso.connect.go:265.175,267.2 1 0
github.com/doomedramen/lab/apps/api/gen/lab/v1/labv1connect/iso.connect.go:269.160,271.2 1 0
github.com/doomedramen/lab/apps/api/gen/lab/v1/labv1connect/iso.connect.go:273.193,275.2 1 0
github.com/doomedramen/lab/apps/api/gen/lab/v1/labv1connect/iso.connect.go:277.196,279.2 1 0
github.com/doomedramen/lab/apps/api/gen/lab/v1/labv1connect/node.connect.go:62.122,91.2 3 0
github.com/doomedramen/lab/apps/api/gen/lab/v1/labv1connect/node.connect.go:102.152,104.2 1 0
github.com/doomedramen/lab/apps/api/gen/lab/v1/labv1connect/node.connect.go:107.146,109.2 1 0
github.com/doomedramen/lab/apps/api/gen/lab/v1/labv1connect/node.connect.go:112.151,114.2 1 0
github.com/doomedramen/lab/apps/api/gen/lab/v1/labv1connect/node.connect.go:117.153,119.2 1 0
github.com/doomedramen/lab/apps/api/gen/lab/v1/labv1connect/node.connect.go:134.106,160.95 6 0
github.com/doomedramen/lab/apps/api/gen/lab/v1/labv1connect/node.connect.go:160.95,161.21 1 0
github.com/doomedramen/lab/apps/api/gen/lab/v1/labv1connect/node.connect.go:162.38,163.47 1 0
github.com/doomedramen/lab/apps/api/gen/lab/v1/labv1connect/node.connect.go:164.36,165.45 1 0
github.com/doomedramen/lab/apps/api/gen/lab/v1/labv1connect/node.connect.go:166.39,167.48 1 0
github.com/doomedramen/lab/apps/api/gen/lab/v1/labv1connect/node.connect.go:168.41,169.50 1 0
github.com/doomedramen/lab/apps/api/gen/lab/v1/labv1connect/node.connect.go:170.11,171.23 1 0
github.com/doomedramen/lab/apps/api/gen/lab/v1/labv1connect/node.connect.go:179.155,181.2 1 0
github.com/doomedramen/lab/apps/api/gen/lab/v1/labv1connect/node.connect.go:183.149,185.2 1 0
github.com/doomedramen/lab/apps/api/gen/lab/v1/labv1connect/node.connect.go:187.154,189.2 1 0
github.com/doomedramen/lab/apps/api/gen/lab/v1/labv1connect/node.connect.go:191.156,193.2 1 0
github.com/doomedramen/lab/apps/api/gen/lab/v1/labv1connect/stack.connect.go:92.124,169.2 3 0
github.com/doomedramen/lab/apps/api/gen/lab/v1/labv1connect/stack.connect.go:188.156,190.2 1 0
github.com/doomedramen/lab/apps/api/gen/lab/v1/labv1connect/stack.connect.go:193.150,195.2 1 0
github.com/doomedramen/lab/apps/api/gen/lab/v1/labv1connect/stack.connect.go:198.159,200.2 1 0
github.com/doomedramen/lab/apps/api/gen/lab/v1/labv1connect/stack.connect.go:203.159,205.2 1 0
github.com/doomedramen/lab/apps/api/gen/lab/v1/labv1connect/stack.connect.go:208.159,210.2 1 0
github.com/doomedramen/lab/apps/api/gen/lab/v1/labv1connect/stack.connect.go:213.153,215.2 1 0
github.com/doomedramen/lab/apps/api/gen/lab/v1/labv1connect/stack.connect.go:218.152,220.2 1 0
github.com/doomedramen/lab/apps/api/gen/lab/v1/labv1connect/stack.connect.go:223.155,225.2 1 0
github.com/doomedramen/lab/apps/api/gen/lab/v1/labv1connect/stack.connect.go:228.160,230.2 1 0
github.com/doomedramen/lab/apps/api/gen/lab/v1/labv1connect/stack.connect.go:233.152,235.2 1 0
github.com/doomedramen/lab/apps/api/gen/lab/v1/labv1connect/stack.connect.go:238.177,240.2 1 0
github.com/doomedramen/lab/apps/api/gen/lab/v1/labv1connect/stack.connect.go:243.177,245.2 1 0
github.com/doomedramen/lab/apps/api/gen/lab/v1/labv1connect/stack.connect.go:268.108,342.96 14 0
github.com/doomedramen/lab/apps/api/gen/lab/v1/labv1connect/stack.connect.go:342.96,343.21 1 0
github.com/doomedramen/lab/apps/api/gen/lab/v1/labv1connect/stack.connect.go:344.40,345.49 1 0
github.com/doomedramen/lab/apps/api/gen/lab/v1/labv1connect/stack.connect.go:346.38,347.47 1 0
github.com/doomedramen/lab/apps/api/gen/lab/v1/labv1connect/stack.connect.go:348.41,349.50 1 0
github.com/doomedramen/lab/apps/api/gen/lab/v1/labv1connect/stack.connect.go:350.41,351.50 1 0
github.com/doomedramen/lab/apps/api/gen/lab/v1/labv1connect/stack.connect.go:352.41,353.50 1 0
github.com/doomedramen/lab/apps/api/gen/lab/v1/labv1connect/stack.connect.go:354.40,355.49 1 0
github.com/doomedramen/lab/apps/api/gen/lab/v1/labv1connect/stack.connect.go:356.39,357.48 1 0
github.com/doomedramen/lab/apps/api/gen/lab/v1/labv1connect/stack.connect.go:358.42,359.51 1 0
github.com/doomedramen/lab/apps/api/gen/lab/v1/labv1connect/stack.connect.go:360.47,361.56 1 0
github.com/doomedramen/lab/apps/api/gen/lab/v1/labv1connect/stack.connect.go:362.39,363.48 1 0
github.com/doomedramen/lab/apps/api/gen/lab/v1/labv1connect/stack.connect.go:364.47,365.56 1 0
github.com/doomedramen/lab/apps/api/gen/lab/v1/labv1connect/stack.connect.go:366.47,367.56 1 0
github.com/doomedramen/lab/apps/api/gen/lab/v1/labv1connect/stack.connect.go:368.11,369.23 1 0
github.com/doomedramen/lab/apps/api/gen/lab/v1/labv1connect/stack.connect.go:377.159,379.2 1 0
github.com/doomedramen/lab/apps/api/gen/lab/v1/labv1connect/stack.connect.go:381.153,383.2 1 0
github.com/doomedramen/lab/apps/api/gen/lab/v1/labv1connect/stack.connect.go:385.162,387.2 1 0
github.com/doomedramen/lab/apps/api/gen/lab/v1/labv1connect/stack.connect.go:389.162,391.2 1 0
github.com/doomedramen/lab/apps/api/gen/lab/v1/labv1connect/stack.connect.go:393.162,395.2 1 0
github.com/doomedramen/lab/apps/api/gen/lab/v1/labv1connect/stack.connect.go:397.156,399.2 1 0
github.com/doomedramen/lab/apps/api/gen/lab/v1/labv1connect/stack.connect.go:401.155,403.2 1 0
github.com/doomedramen/lab/apps/api/gen/lab/v1/labv1connect/stack.connect.go:405.158,407.2 1 0
github.com/doomedramen/lab/apps/api/gen/lab/v1/labv1connect/stack.connect.go:409.163,411.2 1 0
github.com/doomedramen/lab/apps/api/gen/lab/v1/labv1connect/stack.connect.go:413.155,415.2 1 0
github.com/doomedramen/lab/apps/api/gen/lab/v1/labv1connect/stack.connect.go:417.180,419.2 1 0
github.com/doomedramen/lab/apps/api/gen/lab/v1/labv1connect/stack.connect.go:421.180,423.2 1 0
github.com/doomedramen/lab/apps/api/gen/lab/v1/labv1connect/vm.connect.go:99.118,200.2 3 0
github.com/doomedramen/lab/apps/api/gen/lab/v1/labv1connect/vm.connect.go:223.144,225.2 1 0
github.com/doomedramen/lab/apps/api/gen/lab/v1/labv1connect/vm.connect.go:228.138,230.2 1 0
github.com/doomedramen/lab/apps/api/gen/lab/v1/labv1connect/vm.connect.go:233.147,235.2 1 0
github.com/doomedramen/lab/apps/api/gen/lab/v1/labv1connect/vm.connect.go:238.147,240.2 1 0
github.com/doomedramen/lab/apps/api/gen/lab/v1/labv1connect/vm.connect.go:243.147,245.2 1 0
github.com/doomedramen/lab/apps/api/gen/lab/v1/labv1connect/vm.connect.go:248.144,250.2 1 0
github.com/doomedramen/lab/apps/api/gen/lab/v1/labv1connect/vm.connect.go:253.143,255.2 1 0
github.com/doomedramen/lab/apps/api/gen/lab/v1/labv1connect/vm.connect.go:258.144,260.2 1 0
github.com/doomedramen/lab/apps/api/gen/lab/v1/labv1connect/vm.connect.go:263.145,265.2 1 0
github.com/doomedramen/lab/apps/api/gen/lab/v1/labv1connect/vm.connect.go:268.147,270.2 1 0
github.com/doomedramen/lab/apps/api/gen/lab/v1/labv1connect/vm.connect.go:273.145,275.2 1 0
github.com/doomedramen/lab/apps/api/gen/lab/v1/labv1connect/vm.connect.go:278.159,280.2 1 0
github.com/doomedramen/lab/apps/api/gen/lab/v1/labv1connect/vm.connect.go:283.168,285.2 1 0
github.com/doomedramen/lab/apps/api/gen/lab/v1/labv1connect/vm.connect.go:288.150,290.2 1 0
github.com/doomedramen/lab/apps/api/gen/lab/v1/labv1connect/vm.connect.go:293.162,295.2 1 0
github.com/doomedramen/lab/apps/api/gen/lab/v1/labv1connect/vm.connect.go:298.171,300.2 1 0
github.com/doomedramen/lab/apps/api/gen/lab/v1/labv1connect/vm.connect.go:327.102,425.93 18 0
github.com/doomedramen/lab/apps/api/gen/lab/v1/labv1connect/vm.connect.go:425.93,426.21 1 0
github.com/doomedramen/lab/apps/api/gen/lab/v1/labv1connect/vm.connect.go:427.34,428.43 1 0
github.com/doomedramen/lab/apps/api/gen/lab/v1/labv1connect/vm.connect.go:429.32,430.41 1 0
github.com/doomedramen/lab/apps/api/gen/lab/v1/labv1connect/vm.connect.go:431.35,432.44 1 0
github.com/doomedramen/lab/apps/api/gen/lab/v1/labv1connect/vm.connect.go:433.35,434.44 1 0
github.com/doomedramen/lab/apps/api/gen/lab/v1/labv1connect/vm.connect.go:435.35,436.44 1 0
github.com/doomedramen/lab/apps/api/gen/lab/v1/labv1connect/vm.connect.go:437.34,438.43 1 0
github.com/doomedramen/lab/apps/api/gen/lab/v1/labv1connect/vm.connect.go:439.33,440.42 1 0
github.com/doomedramen/lab/apps/api/gen/lab/v1/labv1connect/vm.connect.go:441.34,442.43 1 0
github.com/doomedramen/lab/apps/api/gen/lab/v1/labv1connect/vm.connect.go:443.35,444.44 1 0
github.com/doomedramen/lab/apps/api/gen/lab/v1/labv1connect/vm.connect.go:445.37,446.46 1 0
github.com/doomedramen/lab/apps/api/gen/lab/v1/labv1connect/vm.connect.go:447.35,448.44 1 0
github.com/doomedramen/lab/apps/api/gen/lab/v1/labv1connect/vm.connect.go:449.39,450.48 1 0
github.com/doomedramen/lab/apps/api/gen/lab/v1/labv1connect/vm.connect.go:451.42,452.51 1 0
github.com/doomedramen/lab/apps/api/gen/lab/v1/labv1connect/vm.connect.go:453.36,454.45 1 0
github.com/doomedramen/lab/apps/api/gen/lab/v1/labv1connect/vm.connect.go:455.39,456.48 1 0
github.com/doomedramen/lab/apps/api/gen/lab/v1/labv1connect/vm.connect.go:457.43,458.52 1 0
github.com/doomedramen/lab/apps/api/gen/lab/v1/labv1connect/vm.connect.go:459.11,460.23 1 0
github.com/doomedramen/lab/apps/api/gen/lab/v1/labv1connect/vm.connect.go:468.147,470.2 1 0
github.com/doomedramen/lab/apps/api/gen/lab/v1/labv1connect/vm.connect.go:472.141,474.2 1 0
github.com/doomedramen/lab/apps/api/gen/lab/v1/labv1connect/vm.connect.go:476.150,478.2 1 0
github.com/doomedramen/lab/apps/api/gen/lab/v1/labv1connect/vm.connect.go:480.150,482.2 1 0
github.com/doomedramen/lab/apps/api/gen/lab/v1/labv1connect/vm.connect.go:484.150,486.2 1 0
github.com/doomedramen/lab/apps/api/gen/lab/v1/labv1connect/vm.connect.go:488.147,490.2 1 0
github.com/doomedramen/lab/apps/api/gen/lab/v1/labv1connect/vm.connect.go:492.146,494.2 1 0
github.com/doomedramen/lab/apps/api/gen/lab/v1/labv1connect/vm.connect.go:496.147,498.2 1 0
github.com/doomedramen/lab/apps/api/gen/lab/v1/labv1connect/vm.connect.go:500.148,502.2 1 0
github.com/doomedramen/lab/apps/api/gen/lab/v1/labv1connect/vm.connect.go:504.150,506.2 1 0
github.com/doomedramen/lab/apps/api/gen/lab/v1/labv1connect/vm.connect.go:508.148,510.2 1 0
github.com/doomedramen/lab/apps/api/gen/lab/v1/labv1connect/vm.connect.go:512.162,514.2 1 0
github.com/doomedramen/lab/apps/api/gen/lab/v1/labv1connect/vm.connect.go:516.171,518.2 1 0
github.com/doomedramen/lab/apps/api/gen/lab/v1/labv1connect/vm.connect.go:520.153,522.2 1 0
github.com/doomedramen/lab/apps/api/gen/lab/v1/labv1connect/vm.connect.go:524.154,526.2 1 0
github.com/doomedramen/lab/apps/api/gen/lab/v1/labv1connect/vm.connect.go:528.174,530.2 1 0
github.com/doomedramen/lab/apps/api/gen/lab/v1/auth.pb.go:50.36,54.2 3 0
github.com/doomedramen/lab/apps/api/gen/lab/v1/auth.pb.go:56.35,58.2 1 0
github.com/doomedramen/lab/apps/api/gen/lab/v1/auth.pb.go:60.58,62.2 1 0
github.com/doomedramen/lab/apps/api/gen/lab/v1/auth.pb.go:64.46,66.2 1 0
github.com/doomedramen/lab/apps/api/gen/lab/v1/auth.pb.go:68.52,70.2 1 0
github.com/doomedramen/lab/apps/api/gen/lab/v1/auth.pb.go:73.50,75.2 1 0
github.com/doomedramen/lab/apps/api/gen/lab/v1/auth.pb.go:92.24,97.2 4 0
github.com/doomedramen/lab/apps/api/gen/lab/v1/auth.pb.go:99.32,101.2 1 0
github.com/doomedramen/lab/apps/api/gen/lab/v1/auth.pb.go:103.30,103.31 0 0
github.com/doomedramen/lab/apps/api/gen/lab/v1/auth.pb.go:105.52,107.14 2 0
github.com/doomedramen/lab/apps/api/gen/lab/v1/auth.pb.go:107.14,109.34 2 0
github.com/doomedramen/lab/apps/api/gen/lab/v1/auth.pb.go:109.34,111.4 1 0
github.com/doomedramen/lab/apps/api/gen/lab/v1/auth.pb.go:112.3,112.12 1 0
github.com/doomedramen/lab/apps/api/gen/lab/v1/auth.pb.go:114.2,114.24 1 0
github.com/doomedramen/lab/apps/api/gen/lab/v1/auth.pb.go:118.43,120.2 1 0
github.com/doomedramen/lab/apps/api/gen/lab/v1/auth.pb.go:122.31,123.14 1 0
github.com/doomedramen/lab/apps/api/gen/lab/v1/auth.pb.go:123.14,125.3 1 0
github.com/doomedramen/lab/apps/api/gen/lab/v1/auth.pb.go:126.2,126.11 1 0
github.com/doomedramen/lab/apps/api/gen/lab/v1/auth.pb.go:129.34,130.14 1 0
github.com/doomedramen/lab/apps/api/gen/lab/v1/auth.pb.go:130.14,132.3 1 0
github.com/doomedramen/lab/apps/api/gen/lab/v1/auth.pb.go:133.2,133.11 1 0
github.com/doomedramen/lab/apps/api/gen/lab/v1/auth.pb.go:136.35,137.14 1 0
github.com/doomedramen/lab/apps/api/gen/lab/v1/auth.pb.go:137.14,139.3 1 0
github.com/doomedramen/lab/apps/api/gen/lab/v1/auth.pb.go:140.2,140.39 1 0
github.com/doomedramen/lab/apps/api/gen/lab/v1/auth.pb.go:143.37,144.14 1 0
github.com/doomedramen/lab/apps/api/gen/lab/v1/auth.pb.go:144.14,146.3 1 0
github.com/doomedramen/lab/apps/api/gen/lab/v1/auth.pb.go:147.2,147.14 1 0
github.com/doomedramen/lab/apps/api/gen/lab/v1/auth.pb.go:150.35,151.14 1 0
github.com/doomedramen/lab/apps/api/gen/lab/v1/auth.pb.go:151.14,153.3 1 0
github.com/doomedramen/lab/apps/api/gen/lab/v1/auth.pb.go:154.2,154.14 1 0
github.com/doomedramen/lab/apps/api/gen/lab/v1/auth.pb.go:157.38,158.14 1 0
github.com/doomedramen/lab/apps/api/gen/lab/v1/auth.pb.go:158.14,160.3 1 0
github.com/doomedramen/lab/apps/api/gen/lab/v1/auth.pb.go:161.2,161.11 1 0
github.com/doomedramen/lab/apps/api/gen/lab/v1/auth.pb.go:164.38,165.14 1 0
github.com/doomedramen/lab/apps/api/gen/lab/v1/auth.pb.go:165.14,167.3 1 0
github.com/doomedramen/lab/apps/api/gen/lab/v1/auth.pb.go:168.2,168.11 1 0
github.com/doomedramen/lab/apps/api/gen/lab/v1/auth.pb.go:171.40,172.14 1 0
github.com/doomedramen/lab/apps/api/gen/lab/v1/auth.pb.go:172.14,174.3 1 0
github.com/doomedramen/lab/apps/api/gen/lab/v1/auth.pb.go:175.2,175.11 1 0
github.com/doomedramen/lab/apps/api/gen/lab/v1/auth.pb.go:188.35,193.2 4 0
github.com/doomedramen/lab/apps/api/gen/lab/v1/auth.pb.go:195.43,197.2 1 0
github.com/doomedramen/lab/apps/api/gen/lab/v1/auth.pb.go:199.41,199.42 0 0
github.com/doomedramen/lab/apps/api/gen/lab/v1/auth.pb.go:201.63,203.14 2 0
github.com/doomedramen/lab/apps/api/gen/lab/v1/auth.pb.go:203.14,205.34 2 0
github.com/doomedramen/lab/apps/api/gen/lab/v1/auth.pb.go:205.34,207.4 1 0
github.com/doomedramen/lab/apps/api/gen/lab/v1/auth.pb.go:208.3,208.12 1 0
github.com/doomedramen/lab/apps/api/gen/lab/v1/auth.pb.go:210.2,210.24 1 0
github.com/doomedramen/lab/apps/api/gen/lab/v1/auth.pb.go:214.54,216.2 1 0
github.com/doomedramen/lab/apps/api/gen/lab/v1/auth.pb.go:218.45,219.14 1 0
github.com/doomedramen/lab/apps/api/gen/lab/v1/auth.pb.go:219.14,221.3 1 0
github.com/doomedramen/lab/apps/api/gen/lab/v1/auth.pb.go:222.2,222.11 1 0
github.com/doomedramen/lab/apps/api/gen/lab/v1/auth.pb.go:225.48,226.14 1 0
github.com/doomedramen/lab/apps/api/gen/lab/v1/auth.pb.go:226.14,228.3 1 0
github.com/doomedramen/lab/apps/api/gen/lab/v1/auth.pb.go:229.2,229.11 1 0
github.com/doomedramen/lab/apps/api/gen/lab/v1/auth.pb.go:232.46,233.14 1 0
github.com/doomedramen/lab/apps/api/gen/lab/v1/auth.pb.go:233.14,235.3 1 0
github.com/doomedramen/lab/apps/api/gen/lab/v1/auth.pb.go:236.2,236.39 1 0
github.com/doomedramen/lab/apps/api/gen/lab/v1/auth.pb.go:249.36,254.2 4 0
github.com/doomedramen/lab/apps/api/gen/lab/v1/auth.pb.go:256.44,258.2 1 0
github.com/doomedramen/lab/apps/api/gen/lab/v1/auth.pb.go:260.42,260.43 0 0
github.com/doomedramen/lab/apps/api/gen/lab/v1/auth.pb.go:262.64,264.14 2 0
github.com/doomedramen/lab/apps/api/gen/lab/v1/auth.pb.go:264.14,266.34 2 0
github.com/doomedramen/lab/apps/api/gen/lab/v1/auth.pb.go:266.34,268.4 1 0
github.com/doomedramen/lab/apps/api/gen/lab/v1/auth.pb.go:269.3,269.12 1 0
github.com/doomedramen/lab/apps/api/gen/lab/v1/auth.pb.go:271.2,271.24 1 0
github.com/doomedramen/lab/apps/api/gen/lab/v1/auth.pb.go:275.55,277.2 1 0
github.com/doomedramen/lab/apps/api/gen/lab/v1/auth.pb.go:279.44,280.14 1 0
github.com/doomedramen/lab/apps/api/gen/lab/v1/auth.pb.go:280.14,282.3 1 0
github.com/doomedramen/lab/apps/api/gen/lab/v1/auth.pb.go:283.2,283.12 1 0
github.com/doomedramen/lab/apps/api/gen/lab/v1/auth.pb.go:286.52,287.14 1 0
github.com/doomedramen/lab/apps/api/gen/lab/v1/auth.pb.go:287.14,289.3 1 0
github.com/doomedramen/lab/apps/api/gen/lab/v1/auth.pb.go:290.2,290.11 1 0
github.com/doomedramen/lab/apps/api/gen/lab/v1/auth.pb.go:293.53,294.14 1 0
github.com/doomedramen/lab/apps/api/gen/lab/v1/auth.pb.go:294.14,296.3 1 0
github.com/doomedramen/lab/apps/api/gen/lab/v1/auth.pb.go:297.2,297.11 1 0
github.com/doomedramen/lab/apps/api/gen/lab/v1/auth.pb.go:310.32,315.2 4 0
github.com/doomedramen/lab/apps/api/gen/lab/v1/auth.pb.go:317.40,319.2 1 0
github.com/doomedramen/lab/apps/api/gen/lab/v1/auth.pb.go:321.38,321.39 0 0
github.com/doomedramen/lab/apps/api/gen/lab/v1/auth.pb.go:323.60,325.14 2 0
github.com/doomedramen/lab/apps/api/gen/lab/v1/auth.pb.go:325.14,327.34 2 0
github.com/doomedramen/lab/apps/api/gen/lab/v1/auth.pb.go:327.34,329.4 1 0
github.com/doomedramen/lab/apps/api/gen/lab/v1/auth.pb.go:330.3,330.12 1 0
github.com/doomedramen/lab/apps/api/gen/lab/v1/auth.pb.go:332.2,332.24 1 0
github.com/doomedramen/lab/apps/api/gen/lab/v1/auth.pb.go:336.51,338.2 1 0
github.com/doomedramen/lab/apps/api/gen/lab/v1/auth.pb.go:340.42,341.14 1 0
github.com/doomedramen/lab/apps/api/gen/lab/v1/auth.pb.go:341.14,343.3 1 0
github.com/doomedramen/lab/apps/api/gen/lab/v1/auth.pb.go:344.2,344.11 1 0
github.com/doomedramen/lab/apps/api/gen/lab/v1/auth.pb.go:347.45,348.14 1 0
github.com/doomedramen/lab/apps/api/gen/lab/v1/auth.pb.go:348.14,350.3 1 0
github.com/doomedramen/lab/apps/api/gen/lab/v1/auth.pb.go:351.2,351.11 1 0
github.com/doomedramen/lab/apps/api/gen/lab/v1/auth.pb.go:354.44,355.14 1 0
github.com/doomedramen/lab/apps/api/gen/lab/v1/auth.pb.go:355.14,357.3 1 0
github.com/doomedramen/lab/apps/api/gen/lab/v1/auth.pb.go:358.2,358.11 1 0
github.com/doomedramen/lab/apps/api/gen/lab/v1/auth.pb.go:372.33,377.2 4 0
github.com/doomedramen/lab/apps/api/gen/lab/v1/auth.pb.go:379.41,381.2 1 0
github.com/doomedramen/lab/apps/api/gen/lab/v1/auth.pb.go:383.39,383.40 0 0
github.com/doomedramen/lab/apps/api/gen/lab/v1/auth.pb.go:385.61,387.14 2 0
github.com/doomedramen/lab/apps/api/gen/lab/v1/auth.pb.go:387.14,389.34 2 0
github.com/doomedramen/lab/apps/api/gen/lab/v1/auth.pb.go:389.34,391.4 1 0
github.com/doomedramen/lab/apps/api/gen/lab/v1/auth.pb.go:392.3,392.12 1 0
github.com/doomedramen/lab/apps/api/gen/lab/v1/auth.pb.go:394.2,394.24 1 0
github.com/doomedramen/lab/apps/api/gen/lab/v1/auth.pb.go:398.52,400.2 1 0
github.com/doomedramen/lab/apps/api/gen/lab/v1/auth.pb.go:402.41,403.14 1 0
github.com/doomedramen/lab/apps/api/gen/lab/v1/auth.pb.go:403.14,405.3 1 0
github.com/doomedramen/lab/apps/api/gen/lab/v1/auth.pb.go:406.2,406.12 1 0
github.com/doomedramen/lab/apps/api/gen/lab/v1/auth.pb.go:409.49,410.14 1 0
github.com/doomedramen/lab/apps/api/gen/lab/v1/auth.pb.go:410.14,412.3 1 0
github.com/doomedramen/lab/apps/api/gen/lab/v1/auth.pb.go:413.2,413.11 1 0
github.com/doomedramen/lab/apps/api/gen/lab/v1/auth.pb.go:416.50,417.14 1 0
github.com/doomedramen/lab/apps/api/gen/lab/v1/auth.pb.go:417.14,419.3 1 0
github.com/doomedramen/lab/apps/api/gen/lab/v1/auth.pb.go:420.2,420.11 1 0
github.com/doomedramen/lab/apps/api/gen/lab/v1/auth.pb.go:423.47,424.14 1 0
github.com/doomedramen/lab/apps/api/gen/lab/v1/auth.pb.go:424.14,426.3 1 0
github.com/doomedramen/lab/apps/api/gen/lab/v1/auth.pb.go:427.2,427.14 1 0
github.com/doomedramen/lab/apps/api/gen/lab/v1/auth.pb.go:437.33,442.2 4 0
github.com/doomedramen/lab/apps/api/gen/lab/v1/auth.pb.go:444.41,446.2 1 0
github.com/doomedramen/lab/apps/api/gen/lab/v1/auth.pb.go:448.39,448.40 0 0
github.com/doomedramen/lab/apps/api/gen/lab/v1/auth.pb.go:450.61,452.14 2 0
github.com/doomedramen/lab/apps/api/gen/lab/v1/auth.pb.go:452.14,454.34 2 0
github.com/doomedramen/lab/apps/api/gen/lab/v1/auth.pb.go:454.34,456.4 1 0
github.com/doomedramen/lab/apps/api/gen/lab/v1/auth.pb.go:457.3,457.12 1 0
github.com/doomedramen/lab/apps/api/gen/lab/v1/auth.pb.go:459.2,459.24 1 0
github.com/doomedramen/lab/apps/api/gen/lab/v1/auth.pb.go:463.52,465.2 1 0
github.com/doomedramen/lab/apps/api/gen/lab/v1/auth.pb.go:475.34,480.2 4 0
github.com/doomedramen/lab/apps/api/gen/lab/v1/auth.pb.go:482.42,484.2 1 0
github.com/doomedramen/lab/apps/api/gen/lab/v1/auth.pb.go:486.40,486.41 0 0
github.com/doomedramen/lab/apps/api/gen/lab/v1/auth.pb.go:488.62,490.14 2 0
github.com/doomedramen/lab/apps/api/gen/lab/v1/auth.pb.go:490.14,492.34 2 0
github.com/doomedramen/lab/apps/api/gen/lab/v1/auth.pb.go:492.34,494.4 1 0
github.com/doomedramen/lab/apps/api/gen/lab/v1/auth.pb.go:495.3,495.12 1 0
github.com/doomedramen/lab/apps/api/gen/lab/v1/auth.pb.go:497.2,497.24 1 0
github.com/doomedramen/lab/apps/api/gen/lab/v1/auth.pb.go:501.53,503.2 1 0
github.com/doomedramen/lab/apps/api/gen/lab/v1/auth.pb.go:505.44,506.14 1 0
github.com/doomedramen/lab/apps/api/gen/lab/v1/auth.pb.go:506.14,508.3 1 0
github.com/doomedramen/lab/apps/api/gen/lab/v1/auth.pb.go:509.2,509.14 1 0
github.com/doomedramen/lab/apps/api/gen/lab/v1/auth.pb.go:520.39,525.2 4 0
github.com/doomedramen/lab/apps/api/gen/lab/v1/auth.pb.go:527.47,529.2 1 0
github.com/doomedramen/lab/apps/api/gen/lab/v1/auth.pb.go:531.45,531.46 0 0
github.com/doomedramen/lab/apps/api/gen/lab/v1/auth.pb.go:533.67,535.14 2 0
github.com/doomedramen/lab/apps/api/gen/lab/v1/auth.pb.go:535.14,537.34 2 0
github.com/doomedramen/lab/apps/api/gen/lab/v1/auth.pb.go:537.34,539.4 1 0
github.com/doomedramen/lab/apps/api/gen/lab/v1/auth.pb.go:540.3,540.12 1 0
github.com/doomedramen/lab/apps/api/gen/lab/v1/auth.pb.go:542.2,542.24 1 0
github.com/doomedramen/lab/apps/api/gen/lab/v1/auth.pb.go:546.58,548.2 1 0
github.com/doomedramen/lab/apps/api/gen/lab/v1/auth.pb.go:550.56,551.14 1 0
github.com/doomedramen/lab/apps/api/gen/lab/v1/auth.pb.go:551.14,553.3 1 0
github.com/doomedramen/lab/apps/api/gen/lab/v1/auth.pb.go:554.2,554.11 1 0
github.com/doomedramen/lab/apps/api/gen/lab/v1/auth.pb.go:566.40,571.2 4 0
github.com/doomedramen/lab/apps/api/gen/lab/v1/auth.pb.go:573.48,575.2 1 0
github.com/doomedramen/lab/apps/api/gen/lab/v1/auth.pb.go:577.46,577.47 0 0
github.com/doomedramen/lab/apps/api/gen/lab/v1/auth.pb.go:579.68,581.14 2 0
github.com/doomedramen/lab/apps/api/gen/lab/v1/auth.pb.go:581.14,583.34 2 0
github.com/doomedramen/lab/apps/api/gen/lab/v1/auth.pb.go:583.34,585.4 1 0
github.com/doomedramen/lab/apps/api/gen/lab/v1/auth.pb.go:586.3,586.12 1 0
github.com/doomedramen/lab/apps/api/gen/lab/v1/auth.pb.go:588.2,588.24 1 0
github.com/doomedramen/lab/apps/api/gen/lab/v1/auth.pb.go:592.59,594.2 1 0
github.com/doomedramen/lab/apps/api/gen/lab/v1/auth.pb.go:596.56,597.14 1 0
github.com/doomedramen/lab/apps/api/gen/lab/v1/auth.pb.go:597.14,599.3 1 0
github.com/doomedramen/lab/apps/api/gen/lab/v1/auth.pb.go:600.2,600.11 1 0
github.com/doomedramen/lab/apps/api/gen/lab/v1/auth.pb.go:603.57,604.14 1 0
github.com/doomedramen/lab/apps/api/gen/lab/v1/auth.pb.go:604.14,606.3 1 0
github.com/doomedramen/lab/apps/api/gen/lab/v1/auth.pb.go:607.2,607.11 1 0
github.com/doomedramen/lab/apps/api/gen/lab/v1/auth.pb.go:617.35,622.2 4 0
github.com/doomedramen/lab/apps/api/gen/lab/v1/auth.pb.go:624.43,626.2 1 0
github.com/doomedramen/lab/apps/api/gen/lab/v1/auth.pb.go:628.41,628.42 0 0
github.com/doomedramen/lab/apps/api/gen/lab/v1/auth.pb.go:630.63,632.14 2 0
github.com/doomedramen/lab/apps/api/gen/lab/v1/auth.pb.go:632.14,634.34 2 0
github.com/doomedramen/lab/apps/api/gen/lab/v1/auth.pb.go:634.34,636.4 1 0
github.com/doomedramen/lab/apps/api/gen/lab/v1/auth.pb.go:637.3,637.12 1 0
github.com/doomedramen/lab/apps/api/gen/lab/v1/auth.pb.go:639.2,639.24 1 0
github.com/doomedramen/lab/apps/api/gen/lab/v1/auth.pb.go:643.54,645.2 1 0
github.com/doomedramen/lab/apps/api/gen/lab/v1/auth.pb.go:658.36,663.2 4 0
github.com/doomedramen/lab/apps/api/gen/lab/v1/auth.pb.go:665.44,667.2 1 0
github.com/doomedramen/lab/apps/api/gen/lab/v1/auth.pb.go:669.42,669.43 0 0
github.com/doomedramen/lab/apps/api/gen/lab/v1/auth.pb.go:671.64,673.14 2 0
github.com/doomedramen/lab/apps/api/gen/lab/v1/auth.pb.go:673.14,675.34 2 0
github.com/doomedramen/lab/apps/api/gen/lab/v1/auth.pb.go:675.34,677.4 1 0
github.com/doomedramen/lab/apps/api/gen/lab/v1/auth.pb.go:678.3,678.12 1 0
github.com/doomedramen/lab/apps/api/gen/lab/v1/auth.pb.go:680.2,680.24 1 0
github.com/doomedramen/lab/apps/api/gen/lab/v1/auth.pb.go:684.55,686.2 1 0
github.com/doomedramen/lab/apps/api/gen/lab/v1/auth.pb.go:688.47,689.14 1 0
github.com/doomedramen/lab/apps/api/gen/lab/v1/auth.pb.go:689.14,691.3 1 0
github.com/doomedramen/lab/apps/api/gen/lab/v1/auth.pb.go:692.2,692.11 1 0
github.com/doomedramen/lab/apps/api/gen/lab/v1/auth.pb.go:695.50,696.14 1 0
github.com/doomedramen/lab/apps/api/gen/lab/v1/auth.pb.go:696.14,698.3 1 0
github.com/doomedramen/lab/apps/api/gen/lab/v1/auth.pb.go:699.2,699.11 1 0
github.com/doomedramen/lab/apps/api/gen/lab/v1/auth.pb.go:702.50,703.14 1 0
github.com/doomedramen/lab/apps/api/gen/lab/v1/auth.pb.go:703.14,705.3 1 0
github.com/doomedramen/lab/apps/api/gen/lab/v1/auth.pb.go:706.2,706.11 1 0
github.com/doomedramen/lab/apps/api/gen/lab/v1/auth.pb.go:709.54,710.14 1 0
github.com/doomedramen/lab/apps/api/gen/lab/v1/auth.pb.go:710.14,712.3 1 0
github.com/doomedramen/lab/apps/api/gen/lab/v1/auth.pb.go:713.2,713.12 1 0
github.com/doomedramen/lab/apps/api/gen/lab/v1/auth.pb.go:724.36,729.2 4 0
github.com/doomedramen/lab/apps/api/gen/lab/v1/auth.pb.go:731.44,733.2 1 0
github.com/doomedramen/lab/apps/api/gen/lab/v1/auth.pb.go:735.42,735.43 0 0
github.com/doomedramen/lab/apps/api/gen/lab/v1/auth.pb.go:737.64,739.14 2 0
github.com/doomedramen/lab/apps/api/gen/lab/v1/auth.pb.go:739.14,741.34 2 0
github.com/doomedramen/lab/apps/api/gen/lab/v1/auth.pb.go:741.34,743.4 1 0
github.com/doomedramen/lab/apps/api/gen/lab/v1/auth.pb.go:744.3,744.12 1 0
github.com/doomedramen/lab/apps/api/gen/lab/v1/auth.pb.go:746.2,746.24 1 0
github.com/doomedramen/lab/apps/api/gen/lab/v1/auth.pb.go:750.55,752.2 1 0
github.com/doomedramen/lab/apps/api/gen/lab/v1/auth.pb.go:754.48,755.14 1 0
github.com/doomedramen/lab/apps/api/gen/lab/v1/auth.pb.go:755.14,757.3 1 0
github.com/doomedramen/lab/apps/api/gen/lab/v1/auth.pb.go:758.2,758.11 1 0
github.com/doomedramen/lab/apps/api/gen/lab/v1/auth.pb.go:769.37,774.2 4 0
github.com/doomedramen/lab/apps/api/gen/lab/v1/auth.pb.go:776.45,778.2 1 0
github.com/doomedramen/lab/apps/api/gen/lab/v1/auth.pb.go:780.43,780.44 0 0
github.com/doomedramen/lab/apps/api/gen/lab/v1/auth.pb.go:782.65,784.14 2 0
github.com/doomedramen/lab/apps/api/gen/lab/v1/auth.pb.go:784.14,786.34 2 0
github.com/doomedramen/lab/apps/api/gen/lab/v1/auth.pb.go:786.34,788.4 1 0
github.com/doomedramen/lab/apps/api/gen/lab/v1/auth.pb.go:789.3,789.12 1 0
github.com/doomedramen/lab/apps/api/gen/lab/v1/auth.pb.go:791.2,791.24 1 0
github.com/doomedramen/lab/apps/api/gen/lab/v1/auth.pb.go:795.56,797.2 1 0
github.com/doomedramen/lab/apps/api/gen/lab/v1/auth.pb.go:799.47,800.14 1 0
github.com/doomedramen/lab/apps/api/gen/lab/v1/auth.pb.go:800.14,802.3 1 0
github.com/doomedramen/lab/apps/api/gen/lab/v1/auth.pb.go:803.2,803.14 1 0
github.com/doomedramen/lab/apps/api/gen/lab/v1/auth.pb.go:814.37,819.2 4 0
github.com/doomedramen/lab/apps/api/gen/lab/v1/auth.pb.go:821.45,823.2 1 0
github.com/doomedramen/lab/apps/api/gen/lab/v1/auth.pb.go:825.43,825.44 0 0
github.com/doomedramen/lab/apps/api/gen/lab/v1/auth.pb.go:827.65,829.14 2 0
github.com/doomedramen/lab/apps/api/gen/lab/v1/auth.pb.go:829.14,831.34 2 0
github.com/doomedramen/lab/apps/api/gen/lab/v1/auth.pb.go:831.34,833.4 1 0
github.com/doomedramen/lab/apps/api/gen/lab/v1/auth.pb.go:834.3,834.12 1 0
github.com/doomedramen/lab/apps/api/gen/lab/v1/auth.pb.go:836.2,836.24 1 0
github.com/doomedramen/lab/apps/api/gen/lab/v1/auth.pb.go:840.56,842.2 1 0
github.com/doomedramen/lab/apps/api/gen/lab/v1/auth.pb.go:844.49,845.14 1 0
github.com/doomedramen/lab/apps/api/gen/lab/v1/auth.pb.go:845.14,847.3 1 0
github.com/doomedramen/lab/apps/api/gen/lab/v1/auth.pb.go:848.2,848.11 1 0
github.com/doomedramen/lab/apps/api/gen/lab/v1/auth.pb.go:859.38,864.2 4 0
github.com/doomedramen/lab/apps/api/gen/lab/v1/auth.pb.go:866.46,868.2 1 0
github.com/doomedramen/lab/apps/api/gen/lab/v1/auth.pb.go:870.44,870.45 0 0
github.com/doomedramen/lab/apps/api/gen/lab/v1/auth.pb.go:872.66,874.14 2 0
github.com/doomedramen/lab/apps/api/gen/lab/v1/auth.pb.go:874.14,876.34 2 0
github.com/doomedramen/lab/apps/api/gen/lab/v1/auth.pb.go:876.34,878.4 1 0
github.com/doomedramen/lab/apps/api/gen/lab/v1/auth.pb.go:879.3,879.12 1 0
github.com/doomedramen/lab/apps/api/gen/lab/v1/auth.pb.go:881.2,881.24 1 0
github.com/doomedramen/lab/apps/api/gen/lab/v1/auth.pb.go:885.57,887.2 1 0
github.com/doomedramen/lab/apps/api/gen/lab/v1/auth.pb.go:889.48,890.14 1 0
github.com/doomedramen/lab/apps/api/gen/lab/v1/auth.pb.go:890.14,892.3 1 0
github.com/doomedramen/lab/apps/api/gen/lab/v1/auth.pb.go:893.2,893.14 1 0
github.com/doomedramen/lab/apps/api/gen/lab/v1/auth.pb.go:904.40,909.2 4 0
github.com/doomedramen/lab/apps/api/gen/lab/v1/auth.pb.go:911.48,913.2 1 0
github.com/doomedramen/lab/apps/api/gen/lab/v1/auth.pb.go:915.46,915.47 0 0
github.com/doomedramen/lab/apps/api/gen/lab/v1/auth.pb.go:917.68,919.14 2 0
github.com/doomedramen/lab/apps/api/gen/lab/v1/auth.pb.go:919.14,921.34 2 0
github.com/doomedramen/lab/apps/api/gen/lab/v1/auth.pb.go:921.34,923.4 1 0
github.com/doomedramen/lab/apps/api/gen/lab/v1/auth.pb.go:924.3,924.12 1 0
github.com/doomedramen/lab/apps/api/gen/lab/v1/auth.pb.go:926.2,926.24 1 0
github.com/doomedramen/lab/apps/api/gen/lab/v1/auth.pb.go:930.59,932.2 1 0
github.com/doomedramen/lab/apps/api/gen/lab/v1/auth.pb.go:934.52,935.14 1 0
github.com/doomedramen/lab/apps/api/gen/lab/v1/auth.pb.go:935.14,937.3 1 0
github.com/doomedramen/lab/apps/api/gen/lab/v1/auth.pb.go:938.2,938.11 1 0
github.com/doomedramen/lab/apps/api/gen/lab/v1/auth.pb.go:949.41,954.2 4 0
github.com/doomedramen/lab/apps/api/gen/lab/v1/auth.pb.go:956.49,958.2 1 0
github.com/doomedramen/lab/apps/api/gen/lab/v1/auth.pb.go:960.47,960.48 0 0
github.com/doomedramen/lab/apps/api/gen/lab/v1/auth.pb.go:962.69,964.14 2 0
github.com/doomedramen/lab/apps/api/gen/lab/v1/auth.pb.go:964.14,966.34 2 0
github.com/doomedramen/lab/apps/api/gen/lab/v1/auth.pb.go:966.34,968.4 1 0
github.com/doomedramen/lab/apps/api/gen/lab/v1/auth.pb.go:969.3,969.12 1 0
github.com/doomedramen/lab/apps/api/gen/lab/v1/auth.pb.go:971.2,971.24 1 0
github.com/doomedramen/lab/apps/api/gen/lab/v1/auth.pb.go:975.60,977.2 1 0
github.com/doomedramen/lab/apps/api/gen/lab/v1/auth.pb.go:979.49,980.14 1 0
github.com/doomedramen/lab/apps/api/gen/lab/v1/auth.pb.go:980.14,982.3 1 0
github.com/doomedramen/lab/apps/api/gen/lab/v1/auth.pb.go:983.2,983.14 1 0
github.com/doomedramen/lab/apps/api/gen/lab/v1/auth.pb.go:1000.26,1005.2 4 0
github.com/doomedramen/lab/apps/api/gen/lab/v1/auth.pb.go:1007.34,1009.2 1 0
github.com/doomedramen/lab/apps/api/gen/lab/v1/auth.pb.go:1011.32,1011.33 0 0
github.com/doomedramen/lab/apps/api/gen/lab/v1/auth.pb.go:1013.54,1015.14 2 0
github.com/doomedramen/lab/apps/api/gen/lab/v1/auth.pb.go:1015.14,1017.34 2 0
github.com/doomedramen/lab/apps/api/gen/lab/v1/auth.pb.go:1017.34,1019.4 1 0
github.com/doomedramen/lab/apps/api/gen/lab/v1/auth.pb.go:1020.3,1020.12 1 0
github.com/doomedramen/lab/apps/api/gen/lab/v1/auth.pb.go:1022.2,1022.24 1 0
github.com/doomedramen/lab/apps/api/gen/lab/v1/auth.pb.go:1026.45,1028.2 1 0
github.com/doomedramen/lab/apps/api/gen/lab/v1/auth.pb.go:1030.33,1031.14 1 0
github.com/doomedramen/lab/apps/api/gen/lab/v1/auth.pb.go:1031.14,1033.3 1 0
github.com/doomedramen/lab/apps/api/gen/lab/v1/auth.pb.go:1034.2,1034.11 1 0
github.com/doomedramen/lab/apps/api/gen/lab/v1/auth.pb.go:1037.35,1038.14 1 0
github.com/doomedramen/lab/apps/api/gen/lab/v1/auth.pb.go:1038.14,1040.3 1 0
github.com/doomedramen/lab/apps/api/gen/lab/v1/auth.pb.go:1041.2,1041.11 1 0
github.com/doomedramen/lab/apps/api/gen/lab/v1/auth.pb.go:1044.37,1045.14 1 0
github.com/doomedramen/lab/apps/api/gen/lab/v1/auth.pb.go:1045.14,1047.3 1 0
github.com/doomedramen/lab/apps/api/gen/lab/v1/auth.pb.go:1048.2,1048.11 1 0
github.com/doomedramen/lab/apps/api/gen/lab/v1/auth.pb.go:1051.44,1052.14 1 0
github.com/doomedramen/lab/apps/api/gen/lab/v1/auth.pb.go:1052.14,1054.3 1 0
github.com/doomedramen/lab/apps/api/gen/lab/v1/auth.pb.go:1055.2,1055.12 1 0
github.com/doomedramen/lab/apps/api/gen/lab/v1/auth.pb.go:1058.41,1059.14 1 0
github.com/doomedramen/lab/apps/api/gen/lab/v1/auth.pb.go:1059.14,1061.3 1 0
github.com/doomedramen/lab/apps/api/gen/lab/v1/auth.pb.go:1062.2,1062.11 1 0
github.com/doomedramen/lab/apps/api/gen/lab/v1/auth.pb.go:1065.40,1066.14 1 0
github.com/doomedramen/lab/apps/api/gen/lab/v1/auth.pb.go:1066.14,1068.3 1 0
github.com/doomedramen/lab/apps/api/gen/lab/v1/auth.pb.go:1069.2,1069.11 1 0
github.com/doomedramen/lab/apps/api/gen/lab/v1/auth.pb.go:1072.40,1073.14 1 0
github.com/doomedramen/lab/apps/api/gen/lab/v1/auth.pb.go:1073.14,1075.3 1 0
github.com/doomedramen/lab/apps/api/gen/lab/v1/auth.pb.go:1076.2,1076.11 1 0
github.com/doomedramen/lab/apps/api/gen/lab/v1/auth.pb.go:1089.39,1094.2 4 0
github.com/doomedramen/lab/apps/api/gen/lab/v1/auth.pb.go:1096.47,1098.2 1 0
github.com/doomedramen/lab/apps/api/gen/lab/v1/auth.pb.go:1100.45,1100.46 0 0
github.com/doomedramen/lab/apps/api/gen/lab/v1/auth.pb.go:1102.67,1104.14 2 0
github.com/doomedramen/lab/apps/api/gen/lab/v1/auth.pb.go:1104.14,1106.34 2 0
github.com/doomedramen/lab/apps/api/gen/lab/v1/auth.pb.go:1106.34,1108.4 1 0
github.com/doomedramen/lab/apps/api/gen/lab/v1/auth.pb.go:1109.3,1109.12 1 0
github.com/doomedramen/lab/apps/api/gen/lab/v1/auth.pb.go:1111.2,1111.24 1 0
github.com/doomedramen/lab/apps/api/gen/lab/v1/auth.pb.go:1115.58,1117.2 1 0
github.com/doomedramen/lab/apps/api/gen/lab/v1/auth.pb.go:1119.48,1120.14 1 0
github.com/doomedramen/lab/apps/api/gen/lab/v1/auth.pb.go:1120.14,1122.3 1 0
github.com/doomedramen/lab/apps/api/gen/lab/v1/auth.pb.go:1123.2,1123.11 1 0
github.com/doomedramen/lab/apps/api/gen/lab/v1/auth.pb.go:1126.57,1127.14 1 0
github.com/doomedramen/lab/apps/api/gen/lab/v1/auth.pb.go:1127.14,1129.3 1 0
github.com/doomedramen/lab/apps/api/gen/lab/v1/auth.pb.go:1130.2,1130.12 1 0
github.com/doomedramen/lab/apps/api/gen/lab/v1/auth.pb.go:1133.53,1134.14 1 0
github.com/doomedramen/lab/apps/api/gen/lab/v1/auth.pb.go:1134.14,1136.3 1 0
github.com/doomedramen/lab/apps/api/gen/lab/v1/auth.pb.go:1137.2,1137.11 1 0
github.com/doomedramen/lab/apps/api/gen/lab/v1/auth.pb.go:1149.40,1154.2 4 0
github.com/doomedramen/lab/apps/api/gen/lab/v1/auth.pb.go:1156.48,1158.2 1 0
github.com/doomedramen/lab/apps/api/gen/lab/v1/auth.pb.go:1160.46,1160.47 0 0
github.com/doomedramen/lab/apps/api/gen/lab/v1/auth.pb.go:1162.68,1164.14 2 0
github.com/doomedramen/lab/apps/api/gen/lab/v1/auth.pb.go:1164.14,1166.34 2 0
github.com/doomedramen/lab/apps/api/gen/lab/v1/auth.pb.go:1166.34,1168.4 1 0
github.com/doomedramen/lab/apps/api/gen/lab/v1/auth.pb.go:1169.3,1169.12 1 0
github.com/doomedramen/lab/apps/api/gen/lab/v1/auth.pb.go:1171.2,1171.24 1 0
github.com/doomedramen/lab/apps/api/gen/lab/v1/auth.pb.go:1175.59,1177.2 1 0
github.com/doomedramen/lab/apps/api/gen/lab/v1/auth.pb.go:1179.52,1180.14 1 0
github.com/doomedramen/lab/apps/api/gen/lab/v1/auth.pb.go:1180.14,1182.3 1 0
github.com/doomedramen/lab/apps/api/gen/lab/v1/auth.pb.go:1183.2,1183.12 1 0
github.com/doomedramen/lab/apps/api/gen/lab/v1/auth.pb.go:1186.51,1187.14 1 0
github.com/doomedramen/lab/apps/api/gen/lab/v1/auth.pb.go:1187.14,1189.3 1 0
github.com/doomedramen/lab/apps/api/gen/lab/v1/auth.pb.go:1190.2,1190.11 1 0
github.com/doomedramen/lab/apps/api/gen/lab/v1/auth.pb.go:1200.38,1205.2 4 0
github.com/doomedramen/lab/apps/api/gen/lab/v1/auth.pb.go:1207.46,1209.2 1 0
github.com/doomedramen/lab/apps/api/gen/lab/v1/auth.pb.go:1211.44,1211.45 0 0
github.com/doomedramen/lab/apps/api/gen/lab/v1/auth.pb.go:1213.66,1215.14 2 0
github.com/doomedramen/lab/apps/api/gen/lab/v1/auth.pb.go:1215.14,1217.34 2 0
github.com/doomedramen/lab/apps/api/gen/lab/v1/auth.pb.go:1217.34,1219.4 1 0
github.com/doomedramen/lab/apps/api/gen/lab/v1/auth.pb.go:1220.3,1220.12 1 0
github.com/doomedramen/lab/apps/api/gen/lab/v1/auth.pb.go:1222.2,1222.24 1 0
github.com/doomedramen/lab/apps/api/gen/lab/v1/auth.pb.go:1226.57,1228.2 1 0
github.com/doomedramen/lab/apps/api/gen/lab/v1/auth.pb.go:1238.39,1243.2 4 0
github.com/doomedramen/lab/apps/api/gen/lab/v1/auth.pb.go:1245.47,1247.2 1 0
github.com/doomedramen/lab/apps/api/gen/lab/v1/auth.pb.go:1249.45,1249.46 0 0
github.com/doomedramen/lab/apps/api/gen/lab/v1/auth.pb.go:1251.67,1253.14 2 0
github.com/doomedramen/lab/apps/api/gen/lab/v1/auth.pb.go:1253.14,1255.34 2 0
github.com/doomedramen/lab/apps/api/gen/lab/v1/auth.pb.go:1255.34,1257.4 1 0
github.com/doomedramen/lab/apps/api/gen/lab/v1/auth.pb.go:1258.3,1258.12 1 0
github.com/doomedramen/lab/apps/api/gen/lab/v1/auth.pb.go:1260.2,1260.24 1 0
github.com/doomedramen/lab/apps/api/gen/lab/v1/auth.pb.go:1264.58,1266.2 1 0
github.com/doomedramen/lab/apps/api/gen/lab/v1/auth.pb.go:1268.54,1269.14 1 0
github.com/doomedramen/lab/apps/api/gen/lab/v1/auth.pb.go:1269.14,1271.3 1 0
github.com/doomedramen/lab/apps/api/gen/lab/v1/auth.pb.go:1272.2,1272.12 1 0
github.com/doomedramen/lab/apps/api/gen/lab/v1/auth.pb.go:1283.39,1288.2 4 0
github.com/doomedramen/lab/apps/api/gen/lab/v1/auth.pb.go:1290.47,1292.2 1 0
github.com/doomedramen/lab/apps/api/gen/lab/v1/auth.pb.go:1294.45,1294.46 0 0
github.com/doomedramen/lab/apps/api/gen/lab/v1/auth.pb.go:1296.67,1298.14 2 0
github.com/doomedramen/lab/apps/api/gen/lab/v1/auth.pb.go:1298.14,1300.34 2 0
github.com/doomedramen/lab/apps/api/gen/lab/v1/auth.pb.go:1300.34,1302.4 1 0
github.com/doomedramen/lab/apps/api/gen/lab/v1/auth.pb.go:1303.3,1303.12 1 0
github.com/doomedramen/lab/apps/api/gen/lab/v1/auth.pb.go:1305.2,1305.24 1 0
github.com/doomedramen/lab/apps/api/gen/lab/v1/auth.pb.go:1309.58,1311.2 1 0
github.com/doomedramen/lab/apps/api/gen/lab/v1/auth.pb.go:1313.46,1314.14 1 0
github.com/doomedramen/lab/apps/api/gen/lab/v1/auth.pb.go:1314.14,1316.3 1 0
github.com/doomedramen/lab/apps/api/gen/lab/v1/auth.pb.go:1317.2,1317.11 1 0
github.com/doomedramen/lab/apps/api/gen/lab/v1/auth.pb.go:1328.40,1333.2 4 0
github.com/doomedramen/lab/apps/api/gen/lab/v1/auth.pb.go:1335.48,1337.2 1 0
github.com/doomedramen/lab/apps/api/gen/lab/v1/auth.pb.go:1339.46,1339.47 0 0
github.com/doomedramen/lab/apps/api/gen/lab/v1/auth.pb.go:1341.68,1343.14 2 0
github.com/doomedramen/lab/apps/api/gen/lab/v1/auth.pb.go:1343.14,1345.34 2 0
github.com/doomedramen/lab/apps/api/gen/lab/v1/auth.pb.go:1345.34,1347.4 1 0
github.com/doomedramen/lab/apps/api/gen/lab/v1/auth.pb.go:1348.3,1348.12 1 0
github.com/doomedramen/lab/apps/api/gen/lab/v1/auth.pb.go:1350.2,1350.24 1 0
github.com/doomedramen/lab/apps/api/gen/lab/v1/auth.pb.go:1354.59,1356.2 1 0
github.com/doomedramen/lab/apps/api/gen/lab/v1/auth.pb.go:1358.50,1359.14 1 0
github.com/doomedramen/lab/apps/api/gen/lab/v1/auth.pb.go:1359.14,1361.3 1 0
github.com/doomedramen/lab/apps/api/gen/lab/v1/auth.pb.go:1362.2,1362.14 1 0
github.com/doomedramen/lab/apps/api/gen/lab/v1/auth.pb.go:1372.41,1377.2 4 0
github.com/doomedramen/lab/apps/api/gen/lab/v1/auth.pb.go:1379.49,1381.2 1 0
github.com/doomedramen/lab/apps/api/gen/lab/v1/auth.pb.go:1383.47,1383.48 0 0
github.com/doomedramen/lab/apps/api/gen/lab/v1/auth.pb.go:1385.69,1387.14 2 0
github.com/doomedramen/lab/apps/api/gen/lab/v1/auth.pb.go:1387.14,1389.34 2 0
github.com/doomedramen/lab/apps/api/gen/lab/v1/auth.pb.go:1389.34,1391.4 1 0
github.com/doomedramen/lab/apps/api/gen/lab/v1/auth.pb.go:1392.3,1392.12 1 0
github.com/doomedramen/lab/apps/api/gen/lab/v1/auth.pb.go:1394.2,1394.24 1 0
github.com/doomedramen/lab/apps/api/gen/lab/v1/auth.pb.go:1398.60,1400.2 1 0
github.com/doomedramen/lab/apps/api/gen/lab/v1/auth.pb.go:1410.42,1415.2 4 0
github.com/doomedramen/lab/apps/api/gen/lab/v1/auth.pb.go:1417.50,1419.2 1 0
github.com/doomedramen/lab/apps/api/gen/lab/v1/auth.pb.go:1421.48,1421.49 0 0
github.com/doomedramen/lab/apps/api/gen/lab/v1/auth.pb.go:1423.70,1425.14 2 0
github.com/doomedramen/lab/apps/api/gen/lab/v1/auth.pb.go:1425.14,1427.34 2 0
github.com/doomedramen/lab/apps/api/gen/lab/v1/auth.pb.go:1427.34,1429.4 1 0
github.com/doomedramen/lab/apps/api/gen/lab/v1/auth.pb.go:1430.3,1430.12 1 0
github.com/doomedramen/lab/apps/api/gen/lab/v1/auth.pb.go:1432.2,1432.24 1 0
github.com/doomedramen/lab/apps/api/gen/lab/v1/auth.pb.go:1436.61,1438.2 1 0
github.com/doomedramen/lab/apps/api/gen/lab/v1/auth.pb.go:1440.50,1441.14 1 0
github.com/doomedramen/lab/apps/api/gen/lab/v1/auth.pb.go:1441.14,1443.3 1 0
github.com/doomedramen/lab/apps/api/gen/lab/v1/auth.pb.go:1444.2,1444.12 1 0
github.com/doomedramen/lab/apps/api/gen/lab/v1/auth.pb.go:1457.44,1462.2 4 0
github.com/doomedramen/lab/apps/api/gen/lab/v1/auth.pb.go:1464.52,1466.2 1 0
github.com/doomedramen/lab/apps/api/gen/lab/v1/auth.pb.go:1468.50,1468.51 0 0
github.com/doomedramen/lab/apps/api/gen/lab/v1/auth.pb.go:1470.72,1472.14 2 0
github.com/doomedramen/lab/apps/api/gen/lab/v1/auth.pb.go:1472.14,1474.34 2 0
github.com/doomedramen/lab/apps/api/gen/lab/v1/auth.pb.go:1474.34,1476.4 1 0
github.com/doomedramen/lab/apps/api/gen/lab/v1/auth.pb.go:1477.3,1477.12 1 0
github.com/doomedramen/lab/apps/api/gen/lab/v1/auth.pb.go:1479.2,1479.24 1 0
github.com/doomedramen/lab/apps/api/gen/lab/v1/auth.pb.go:1483.63,1485.2 1 0
github.com/doomedramen/lab/apps/api/gen/lab/v1/auth.pb.go:1487.54,1488.14 1 0
github.com/doomedramen/lab/apps/api/gen/lab/v1/auth.pb.go:1488.14,1490.3 1 0
github.com/doomedramen/lab/apps/api/gen/lab/v1/auth.pb.go:1491.2,1491.11 1 0
github.com/doomedramen/lab/apps/api/gen/lab/v1/auth.pb.go:1494.64,1495.14 1 0
github.com/doomedramen/lab/apps/api/gen/lab/v1/auth.pb.go:1495.14,1497.3 1 0
github.com/doomedramen/lab/apps/api/gen/lab/v1/auth.pb.go:1498.2,1498.11 1 0
github.com/doomedramen/lab/apps/api/gen/lab/v1/auth.pb.go:1501.60,1502.14 1 0
github.com/doomedramen/lab/apps/api/gen/lab/v1/auth.pb.go:1502.14,1504.3 1 0
github.com/doomedramen/lab/apps/api/gen/lab/v1/auth.pb.go:1505.2,1505.11 1 0
github.com/doomedramen/lab/apps/api/gen/lab/v1/auth.pb.go:1516.45,1521.2 4 0
github.com/doomedramen/lab/apps/api/gen/lab/v1/auth.pb.go:1523.53,1525.2 1 0
github.com/doomedramen/lab/apps/api/gen/lab/v1/auth.pb.go:1527.51,1527.52 0 0
github.com/doomedramen/lab/apps/api/gen/lab/v1/auth.pb.go:1529.73,1531.14 2 0
github.com/doomedramen/lab/apps/api/gen/lab/v1/auth.pb.go:1531.14,1533.34 2 0
github.com/doomedramen/lab/apps/api/gen/lab/v1/auth.pb.go:1533.34,1535.4 1 0
github.com/doomedramen/lab/apps/api/gen/lab/v1/auth.pb.go:1536.3,1536.12 1 0
github.com/doomedramen/lab/apps/api/gen/lab/v1/auth.pb.go:1538.2,1538.24 1 0
github.com/doomedramen/lab/apps/api/gen/lab/v1/auth.pb.go:1542.64,1544.2 1 0
github.com/doomedramen/lab/apps/api/gen/lab/v1/auth.pb.go:1546.53,1547.14 1 0
github.com/doomedramen/lab/apps/api/gen/lab/v1/auth.pb.go:1547.14,1549.3 1 0
github.com/doomedramen/lab/apps/api/gen/lab/v1/auth.pb.go:1550.2,1550.12 1 0
github.com/doomedramen/lab/apps/api/gen/lab/v1/auth.pb.go:1675.50,1676.47 1 0
github.com/doomedramen/lab/apps/api/gen/lab/v1/auth.pb.go:1676.47,1678.3 1 0
github.com/doomedramen/lab/apps/api/gen/lab/v1/auth.pb.go:1679.2,1679.43 1 0
github.com/doomedramen/lab/apps/api/gen/lab/v1/auth.pb.go:1757.13,1757.46 1 0
github.com/doomedramen/lab/apps/api/gen/lab/v1/auth.pb.go:1758.36,1759.35 1 0
github.com/doomedramen/lab/apps/api/gen/lab/v1/auth.pb.go:1759.35,1761.3 1 0
github.com/doomedramen/lab/apps/api/gen/lab/v1/auth.pb.go:1762.2,1780.38 6 0
github.com/doomedramen/lab/apps/api/gen/lab/v1/cluster.pb.go:30.44,35.2 4 0
github.com/doomedramen/lab/apps/api/gen/lab/v1/cluster.pb.go:37.52,39.2 1 0
github.com/doomedramen/lab/apps/api/gen/lab/v1/cluster.pb.go:41.50,41.51 0 0
github.com/doomedramen/lab/apps/api/gen/lab/v1/cluster.pb.go:43.72,45.14 2 0
github.com/doomedramen/lab/apps/api/gen/lab/v1/cluster.pb.go:45.14,47.34 2 0
github.com/doomedramen/lab/apps/api/gen/lab/v1/cluster.pb.go:47.34,49.4 1 0
github.com/doomedramen/lab/apps/api/gen/lab/v1/cluster.pb.go:50.3,50.12 1 0
github.com/doomedramen/lab/apps/api/gen/lab/v1/cluster.pb.go:52.2,52.24 1 0
github.com/doomedramen/lab/apps/api/gen/lab/v1/cluster.pb.go:56.63,58.2 1 0
github.com/doomedramen/lab/apps/api/gen/lab/v1/cluster.pb.go:69.32,74.2 4 0
github.com/doomedramen/lab/apps/api/gen/lab/v1/cluster.pb.go:76.40,78.2 1 0
github.com/doomedramen/lab/apps/api/gen/lab/v1/cluster.pb.go:80.38,80.39 0 0
github.com/doomedramen/lab/apps/api/gen/lab/v1/cluster.pb.go:82.60,84.14 2 0
github.com/doomedramen/lab/apps/api/gen/lab/v1/cluster.pb.go:84.14,86.34 2 0
github.com/doomedramen/lab/apps/api/gen/lab/v1/cluster.pb.go:86.34,88.4 1 0
github.com/doomedramen/lab/apps/api/gen/lab/v1/cluster.pb.go:89.3,89.12 1 0
github.com/doomedramen/lab/apps/api/gen/lab/v1/cluster.pb.go:91.2,91.24 1 0
github.com/doomedramen/lab/apps/api/gen/lab/v1/cluster.pb.go:95.51,97.2 1 0
github.com/doomedramen/lab/apps/api/gen/lab/v1/cluster.pb.go:99.41,100.14 1 0
github.com/doomedramen/lab/apps/api/gen/lab/v1/cluster.pb.go:100.14,102.3 1 0
github.com/doomedramen/lab/apps/api/gen/lab/v1/cluster.pb.go:103.2,103.10 1 0
github.com/doomedramen/lab/apps/api/gen/lab/v1/cluster.pb.go:106.43,107.14 1 0
github.com/doomedramen/lab/apps/api/gen/lab/v1/cluster.pb.go:107.14,109.3 1 0
github.com/doomedramen/lab/apps/api/gen/lab/v1/cluster.pb.go:110.2,110.10 1 0
github.com/doomedramen/lab/apps/api/gen/lab/v1/cluster.pb.go:122.32,127.2 4 0
github.com/doomedramen/lab/apps/api/gen/lab/v1/cluster.pb.go:129.40,131.2 1 0
github.com/doomedramen/lab/apps/api/gen/lab/v1/cluster.pb.go:133.38,133.39 0 0
github.com/doomedramen/lab/apps/api/gen/lab/v1/cluster.pb.go:135.60,137.14 2 0
github.com/doomedramen/lab/apps/api/gen/lab/v1/cluster.pb.go:137.14,139.34 2 0
github.com/doomedramen/lab/apps/api/gen/lab/v1/cluster.pb.go:139.34,141.4 1 0
github.com/doomedramen/lab/apps/api/gen/lab/v1/cluster.pb.go:142.3,142.12 1 0
github.com/doomedramen/lab/apps/api/gen/lab/v1/cluster.pb.go:144.2,144.24 1 0
github.com/doomedramen/lab/apps/api/gen/lab/v1/cluster.pb.go:148.51,150.2 1 0
github.com/doomedramen/lab/apps/api/gen/lab/v1/cluster.pb.go:152.41,153.14 1 0
github.com/doomedramen/lab/apps/api/gen/lab/v1/cluster.pb.go:153.14,155.3 1 0
github.com/doomedramen/lab/apps/api/gen/lab/v1/cluster.pb.go:156.2,156.10 1 0
github.com/doomedramen/lab/apps/api/gen/lab/v1/cluster.pb.go:159.46,160.14 1 0
github.com/doomedramen/lab/apps/api/gen/lab/v1/cluster.pb.go:160.14,162.3 1 0
github.com/doomedramen/lab/apps/api/gen/lab/v1/cluster.pb.go:163.2,163.10 1 0
github.com/doomedramen/lab/apps/api/gen/lab/v1/cluster.pb.go:179.45,184.2 4 0
github.com/doomedramen/lab/apps/api/gen/lab/v1/cluster.pb.go:186.53,188.2 1 0
github.com/doomedramen/lab/apps/api/gen/lab/v1/cluster.pb.go:190.51,190.52 0 0
github.com/doomedramen/lab/apps/api/gen/lab/v1/cluster.pb.go:192.73,194.14 2 0
github.com/doomedramen/lab/apps/api/gen/lab/v1/cluster.pb.go:194.14,196.34 2 0
github.com/doomedramen/lab/apps/api/gen/lab/v1/cluster.pb.go:196.34,198.4 1 0
github.com/doomedramen/lab/apps/api/gen/lab/v1/cluster.pb.go:199.3,199.12 1 0
github.com/doomedramen/lab/apps/api/gen/lab/v1/cluster.pb.go:201.2,201.24 1 0
github.com/doomedramen/lab/apps/api/gen/lab/v1/cluster.pb.go:205.64,207.2 1 0
github.com/doomedramen/lab/apps/api/gen/lab/v1/cluster.pb.go:209.62,210.14 1 0
github.com/doomedramen/lab/apps/api/gen/lab/v1/cluster.pb.go:210.14,212.3 1 0
github.com/doomedramen/lab/apps/api/gen/lab/v1/cluster.pb.go:213.2,213.12 1 0
github.com/doomedramen/lab/apps/api/gen/lab/v1/cluster.pb.go:216.60,217.14 1 0
github.com/doomedramen/lab/apps/api/gen/lab/v1/cluster.pb.go:217.14,219.3 1 0
github.com/doomedramen/lab/apps/api/gen/lab/v1/cluster.pb.go:220.2,220.12 1 0
github.com/doomedramen/lab/apps/api/gen/lab/v1/cluster.pb.go:223.67,224.14 1 0
github.com/doomedramen/lab/apps/api/gen/lab/v1/cluster.pb.go:224.14,226.3 1 0
github.com/doomedramen/lab/apps/api/gen/lab/v1/cluster.pb.go:227.2,227.12 1 0
github.com/doomedramen/lab/apps/api/gen/lab/v1/cluster.pb.go:230.63,231.14 1 0
github.com/doomedramen/lab/apps/api/gen/lab/v1/cluster.pb.go:231.14,233.3 1 0
github.com/doomedramen/lab/apps/api/gen/lab/v1/cluster.pb.go:234.2,234.12 1 0
github.com/doomedramen/lab/apps/api/gen/lab/v1/cluster.pb.go:237.60,238.14 1 0
github.com/doomedramen/lab/apps/api/gen/lab/v1/cluster.pb.go:238.14,240.3 1 0
github.com/doomedramen/lab/apps/api/gen/lab/v1/cluster.pb.go:241.2,241.12 1 0
github.com/doomedramen/lab/apps/api/gen/lab/v1/cluster.pb.go:244.61,245.14 1 0
github.com/doomedramen/lab/apps/api/gen/lab/v1/cluster.pb.go:245.14,247.3 1 0
github.com/doomedramen/lab/apps/api/gen/lab/v1/cluster.pb.go:248.2,248.12 1 0
github.com/doomedramen/lab/apps/api/gen/lab/v1/cluster.pb.go:251.57,252.14 1 0
github.com/doomedramen/lab/apps/api/gen/lab/v1/cluster.pb.go:252.14,254.3 1 0
github.com/doomedramen/lab/apps/api/gen/lab/v1/cluster.pb.go:255.2,255.12 1 0
github.com/doomedramen/lab/apps/api/gen/lab/v1/cluster.pb.go:266.44,271.2 4 0
github.com/doomedramen/lab/apps/api/gen/lab/v1/cluster.pb.go:273.52,275.2 1 0
github.com/doomedramen/lab/apps/api/gen/lab/v1/cluster.pb.go:277.50,277.51 0 0
github.com/doomedramen/lab/apps/api/gen/lab/v1/cluster.pb.go:279.72,281.14 2 0
github.com/doomedramen/lab/apps/api/gen/lab/v1/cluster.pb.go:281.14,283.34 2 0
github.com/doomedramen/lab/apps/api/gen/lab/v1/cluster.pb.go:283.34,285.4 1 0
github.com/doomedramen/lab/apps/api/gen/lab/v1/cluster.pb.go:286.3,286.12 1 0
github.com/doomedramen/lab/apps/api/gen/lab/v1/cluster.pb.go:288.2,288.24 1 0
github.com/doomedramen/lab/apps/api/gen/lab/v1/cluster.pb.go:292.63,294.2 1 0
github.com/doomedramen/lab/apps/api/gen/lab/v1/cluster.pb.go:296.54,297.14 1 0
github.com/doomedramen/lab/apps/api/gen/lab/v1/cluster.pb.go:297.14,299.3 1 0
github.com/doomedramen/lab/apps/api/gen/lab/v1/cluster.pb.go:300.2,300.10 1 0
github.com/doomedramen/lab/apps/api/gen/lab/v1/cluster.pb.go:313.45,318.2 4 0
github.com/doomedramen/lab/apps/api/gen/lab/v1/cluster.pb.go:320.53,322.2 1 0
github.com/doomedramen/lab/apps/api/gen/lab/v1/cluster.pb.go:324.51,324.52 0 0
github.com/doomedramen/lab/apps/api/gen/lab/v1/cluster.pb.go:326.73,328.14 2 0
github.com/doomedramen/lab/apps/api/gen/lab/v1/cluster.pb.go:328.14,330.34 2 0
github.com/doomedramen/lab/apps/api/gen/lab/v1/cluster.pb.go:330.34,332.4 1 0
github.com/doomedramen/lab/apps/api/gen/lab/v1/cluster.pb.go:333.3,333.12 1 0
github.com/doomedramen/lab/apps/api/gen/lab/v1/cluster.pb.go:335.2,335.24 1 0
github.com/doomedramen/lab/apps/api/gen/lab/v1/cluster.pb.go:339.64,341.2 1 0
github.com/doomedramen/lab/apps/api/gen/lab/v1/cluster.pb.go:343.70,344.14 1 0
github.com/doomedramen/lab/apps/api/gen/lab/v1/cluster.pb.go:344.14,346.3 1 0
github.com/doomedramen/lab/apps/api/gen/lab/v1/cluster.pb.go:347.2,347.12 1 0
github.com/doomedramen/lab/apps/api/gen/lab/v1/cluster.pb.go:350.73,351.14 1 0
github.com/doomedramen/lab/apps/api/gen/lab/v1/cluster.pb.go:351.14,353.3 1 0
github.com/doomedramen/lab/apps/api/gen/lab/v1/cluster.pb.go:354.2,354.12 1 0
github.com/doomedramen/lab/apps/api/gen/lab/v1/cluster.pb.go:357.71,358.14 1 0
github.com/doomedramen/lab/apps/api/gen/lab/v1/cluster.pb.go:358.14,360.3 1 0
github.com/doomedramen/lab/apps/api/gen/lab/v1/cluster.pb.go:361.2,361.12 1 0
github.com/doomedramen/lab/apps/api/gen/lab/v1/cluster.pb.go:364.72,365.14 1 0
github.com/doomedramen/lab/apps/api/gen/lab/v1/cluster.pb.go:365.14,367.3 1 0
github.com/doomedramen/lab/apps/api/gen/lab/v1/cluster.pb.go:368.2,368.12 1 0
github.com/doomedramen/lab/apps/api/gen/lab/v1/cluster.pb.go:411.53,412.50 1 0
github.com/doomedramen/lab/apps/api/gen/lab/v1/cluster.pb.go:412.50,414.3 1 0
github.com/doomedramen/lab/apps/api/gen/lab/v1/cluster.pb.go:415.2,415.46 1 0
github.com/doomedramen/lab/apps/api/gen/lab/v1/cluster.pb.go:453.13,453.49 1 0
github.com/doomedramen/lab/apps/api/gen/lab/v1/cluster.pb.go:454.39,455.38 1 0
github.com/doomedramen/lab/apps/api/gen/lab/v1/cluster.pb.go:455.38,457.3 1 0
github.com/doomedramen/lab/apps/api/gen/lab/v1/cluster.pb.go:458.2,475.41 6 0
github.com/doomedramen/lab/apps/api/gen/lab/v1/common.pb.go:53.32,57.2 3 0
github.com/doomedramen/lab/apps/api/gen/lab/v1/common.pb.go:59.33,61.2 1 0
github.com/doomedramen/lab/apps/api/gen/lab/v1/common.pb.go:63.56,65.2 1 0
github.com/doomedramen/lab/apps/api/gen/lab/v1/common.pb.go:67.44,69.2 1 0
github.com/doomedramen/lab/apps/api/gen/lab/v1/common.pb.go:71.50,73.2 1 0
github.com/doomedramen/lab/apps/api/gen/lab/v1/common.pb.go:76.48,78.2 1 0
github.com/doomedramen/lab/apps/api/gen/lab/v1/common.pb.go:103.42,107.2 3 0
github.com/doomedramen/lab/apps/api/gen/lab/v1/common.pb.go:109.38,111.2 1 0
github.com/doomedramen/lab/apps/api/gen/lab/v1/common.pb.go:113.61,115.2 1 0
github.com/doomedramen/lab/apps/api/gen/lab/v1/common.pb.go:117.49,119.2 1 0
github.com/doomedramen/lab/apps/api/gen/lab/v1/common.pb.go:121.55,123.2 1 0
github.com/doomedramen/lab/apps/api/gen/lab/v1/common.pb.go:126.53,128.2 1 0
github.com/doomedramen/lab/apps/api/gen/lab/v1/common.pb.go:156.44,160.2 3 0
github.com/doomedramen/lab/apps/api/gen/lab/v1/common.pb.go:162.39,164.2 1 0
github.com/doomedramen/lab/apps/api/gen/lab/v1/common.pb.go:166.62,168.2 1 0
github.com/doomedramen/lab/apps/api/gen/lab/v1/common.pb.go:170.50,172.2 1 0
github.com/doomedramen/lab/apps/api/gen/lab/v1/common.pb.go:174.56,176.2 1 0
github.com/doomedramen/lab/apps/api/gen/lab/v1/common.pb.go:179.54,181.2 1 0
github.com/doomedramen/lab/apps/api/gen/lab/v1/common.pb.go:209.42,213.2 3 0
github.com/doomedramen/lab/apps/api/gen/lab/v1/common.pb.go:215.38,217.2 1 0
github.com/doomedramen/lab/apps/api/gen/lab/v1/common.pb.go:219.61,221.2 1 0
github.com/doomedramen/lab/apps/api/gen/lab/v1/common.pb.go:223.49,225.2 1 0
github.com/doomedramen/lab/apps/api/gen/lab/v1/common.pb.go:227.55,229.2 1 0
github.com/doomedramen/lab/apps/api/gen/lab/v1/common.pb.go:232.53,234.2 1 0
github.com/doomedramen/lab/apps/api/gen/lab/v1/common.pb.go:259.36,263.2 3 0
github.com/doomedramen/lab/apps/api/gen/lab/v1/common.pb.go:265.35,267.2 1 0
github.com/doomedramen/lab/apps/api/gen/lab/v1/common.pb.go:269.58,271.2 1 0
github.com/doomedramen/lab/apps/api/gen/lab/v1/common.pb.go:273.46,275.2 1 0
github.com/doomedramen/lab/apps/api/gen/lab/v1/common.pb.go:277.52,279.2 1 0
github.com/doomedramen/lab/apps/api/gen/lab/v1/common.pb.go:282.50,284.2 1 0
github.com/doomedramen/lab/apps/api/gen/lab/v1/common.pb.go:296.27,301.2 4 0
github.com/doomedramen/lab/apps/api/gen/lab/v1/common.pb.go:303.35,305.2 1 0
github.com/doomedramen/lab/apps/api/gen/lab/v1/common.pb.go:307.33,307.34 0 0
github.com/doomedramen/lab/apps/api/gen/lab/v1/common.pb.go:309.55,311.14 2 0
github.com/doomedramen/lab/apps/api/gen/lab/v1/common.pb.go:311.14,313.34 2 0
github.com/doomedramen/lab/apps/api/gen/lab/v1/common.pb.go:313.34,315.4 1 0
github.com/doomedramen/lab/apps/api/gen/lab/v1/common.pb.go:316.3,316.12 1 0
github.com/doomedramen/lab/apps/api/gen/lab/v1/common.pb.go:318.2,318.24 1 0
github.com/doomedramen/lab/apps/api/gen/lab/v1/common.pb.go:322.46,324.2 1 0
github.com/doomedramen/lab/apps/api/gen/lab/v1/common.pb.go:326.37,327.14 1 0
github.com/doomedramen/lab/apps/api/gen/lab/v1/common.pb.go:327.14,329.3 1 0
github.com/doomedramen/lab/apps/api/gen/lab/v1/common.pb.go:330.2,330.10 1 0
github.com/doomedramen/lab/apps/api/gen/lab/v1/common.pb.go:333.38,334.14 1 0
github.com/doomedramen/lab/apps/api/gen/lab/v1/common.pb.go:334.14,336.3 1 0
github.com/doomedramen/lab/apps/api/gen/lab/v1/common.pb.go:337.2,337.10 1 0
github.com/doomedramen/lab/apps/api/gen/lab/v1/common.pb.go:340.36,341.14 1 0
github.com/doomedramen/lab/apps/api/gen/lab/v1/common.pb.go:341.14,343.3 1 0
github.com/doomedramen/lab/apps/api/gen/lab/v1/common.pb.go:344.2,344.10 1 0
github.com/doomedramen/lab/apps/api/gen/lab/v1/common.pb.go:357.34,362.2 4 0
github.com/doomedramen/lab/apps/api/gen/lab/v1/common.pb.go:364.42,366.2 1 0
github.com/doomedramen/lab/apps/api/gen/lab/v1/common.pb.go:368.40,368.41 0 0
github.com/doomedramen/lab/apps/api/gen/lab/v1/common.pb.go:370.62,372.14 2 0
github.com/doomedramen/lab/apps/api/gen/lab/v1/common.pb.go:372.14,374.34 2 0
github.com/doomedramen/lab/apps/api/gen/lab/v1/common.pb.go:374.34,376.4 1 0
github.com/doomedramen/lab/apps/api/gen/lab/v1/common.pb.go:377.3,377.12 1 0
github.com/doomedramen/lab/apps/api/gen/lab/v1/common.pb.go:379.2,379.24 1 0
github.com/doomedramen/lab/apps/api/gen/lab/v1/common.pb.go:383.53,385.2 1 0
github.com/doomedramen/lab/apps/api/gen/lab/v1/common.pb.go:387.44,388.14 1 0
github.com/doomedramen/lab/apps/api/gen/lab/v1/common.pb.go:388.14,390.3 1 0
github.com/doomedramen/lab/apps/api/gen/lab/v1/common.pb.go:391.2,391.10 1 0
github.com/doomedramen/lab/apps/api/gen/lab/v1/common.pb.go:394.45,395.14 1 0
github.com/doomedramen/lab/apps/api/gen/lab/v1/common.pb.go:395.14,397.3 1 0
github.com/doomedramen/lab/apps/api/gen/lab/v1/common.pb.go:398.2,398.10 1 0
github.com/doomedramen/lab/apps/api/gen/lab/v1/common.pb.go:401.43,402.14 1 0
github.com/doomedramen/lab/apps/api/gen/lab/v1/common.pb.go:402.14,404.3 1 0
github.com/doomedramen/lab/apps/api/gen/lab/v1/common.pb.go:405.2,405.10 1 0
github.com/doomedramen/lab/apps/api/gen/lab/v1/common.pb.go:417.30,422.2 4 0
github.com/doomedramen/lab/apps/api/gen/lab/v1/common.pb.go:424.38,426.2 1 0
github.com/doomedramen/lab/apps/api/gen/lab/v1/common.pb.go:428.36,428.37 0 0
github.com/doomedramen/lab/apps/api/gen/lab/v1/common.pb.go:430.58,432.14 2 0
github.com/doomedramen/lab/apps/api/gen/lab/v1/common.pb.go:432.14,434.34 2 0
github.com/doomedramen/lab/apps/api/gen/lab/v1/common.pb.go:434.34,436.4 1 0
github.com/doomedramen/lab/apps/api/gen/lab/v1/common.pb.go:437.3,437.12 1 0
github.com/doomedramen/lab/apps/api/gen/lab/v1/common.pb.go:439.2,439.24 1 0
github.com/doomedramen/lab/apps/api/gen/lab/v1/common.pb.go:443.49,445.2 1 0
github.com/doomedramen/lab/apps/api/gen/lab/v1/common.pb.go:447.40,448.14 1 0
github.com/doomedramen/lab/apps/api/gen/lab/v1/common.pb.go:448.14,450.3 1 0
github.com/doomedramen/lab/apps/api/gen/lab/v1/common.pb.go:451.2,451.10 1 0
github.com/doomedramen/lab/apps/api/gen/lab/v1/common.pb.go:454.41,455.14 1 0
github.com/doomedramen/lab/apps/api/gen/lab/v1/common.pb.go:455.14,457.3 1 0
github.com/doomedramen/lab/apps/api/gen/lab/v1/common.pb.go:458.2,458.10 1 0
github.com/doomedramen/lab/apps/api/gen/lab/v1/common.pb.go:470.28,475.2 4 0
github.com/doomedramen/lab/apps/api/gen/lab/v1/common.pb.go:477.36,479.2 1 0
github.com/doomedramen/lab/apps/api/gen/lab/v1/common.pb.go:481.34,481.35 0 0
[...]
github.com/doomedramen/lab/apps/api/internal/service/node.go:61.2,61.28 1 0
github.com/doomedramen/lab/apps/api/internal/service/stack.go:29.69,37.2 3 1
github.com/doomedramen/lab/apps/api/internal/service/stack.go:39.47,42.21 3 1
github.com/doomedramen/lab/apps/api/internal/service/stack.go:42.21,44.44 2 0
github.com/doomedramen/lab/apps/api/internal/service/stack.go:44.44,45.49 1 0
github.com/doomedramen/lab/apps/api/internal/service/stack.go:45.49,47.5 1 0
github.com/doomedramen/lab/apps/api/internal/service/stack.go:49.3,49.39 1 0
github.com/doomedramen/lab/apps/api/internal/service/stack.go:49.39,50.49 1 0
github.com/doomedramen/lab/apps/api/internal/service/stack.go:50.49,52.5 1 0
github.com/doomedramen/lab/apps/api/internal/service/stack.go:54.3,54.22 1 0
github.com/doomedramen/lab/apps/api/internal/service/stack.go:58.38,60.40 2 1
github.com/doomedramen/lab/apps/api/internal/service/stack.go:60.40,62.3 1 0
github.com/doomedramen/lab/apps/api/internal/service/stack.go:63.2,63.35 1 1
github.com/doomedramen/lab/apps/api/internal/service/stack.go:67.63,69.2 1 1
github.com/doomedramen/lab/apps/api/internal/service/stack.go:72.71,74.16 2 1
github.com/doomedramen/lab/apps/api/internal/service/stack.go:74.16,76.3 1 1
github.com/doomedramen/lab/apps/api/internal/service/stack.go:77.2,77.15 1 0
github.com/doomedramen/lab/apps/api/internal/service/stack.go:77.15,79.3 1 0
github.com/doomedramen/lab/apps/api/internal/service/stack.go:80.2,80.16 1 0
github.com/doomedramen/lab/apps/api/internal/service/stack.go:84.90,86.2 1 1
github.com/doomedramen/lab/apps/api/internal/service/stack.go:89.101,91.2 1 1
github.com/doomedramen/lab/apps/api/internal/service/stack.go:94.48,96.2 1 1
github.com/doomedramen/lab/apps/api/internal/service/stack.go:99.47,101.2 1 1
github.com/doomedramen/lab/apps/api/internal/service/stack.go:104.46,106.2 1 1
github.com/doomedramen/lab/apps/api/internal/service/stack.go:109.49,111.2 1 1
github.com/doomedramen/lab/apps/api/internal/service/stack.go:114.54,116.2 1 1
github.com/doomedramen/lab/apps/api/internal/service/stack.go:119.46,121.2 1 1
github.com/doomedramen/lab/apps/api/internal/service/stack.go:124.89,126.16 2 1
github.com/doomedramen/lab/apps/api/internal/service/stack.go:126.16,128.3 1 0
github.com/doomedramen/lab/apps/api/internal/service/stack.go:129.2,136.19 4 1
github.com/doomedramen/lab/apps/api/internal/service/stack.go:140.90,145.9 4 1
github.com/doomedramen/lab/apps/api/internal/service/stack.go:145.9,147.3 1 1
github.com/doomedramen/lab/apps/api/internal/service/stack.go:148.2,148.47 1 1
github.com/doomedramen/lab/apps/api/internal/service/stack.go:148.47,151.3 2 1
github.com/doomedramen/lab/apps/api/internal/service/stack.go:152.2,153.17 2 1
github.com/doomedramen/lab/apps/api/internal/service/stack.go:157.74,159.16 2 1
github.com/doomedramen/lab/apps/api/internal/service/stack.go:159.16,161.3 1 0
github.com/doomedramen/lab/apps/api/internal/service/stack.go:162.2,168.19 4 1
github.com/doomedramen/lab/apps/api/internal/service/stack.go:172.85,177.9 4 1
github.com/doomedramen/lab/apps/api/internal/service/stack.go:177.9,179.3 1 1
github.com/doomedramen/lab/apps/api/internal/service/stack.go:180.2,180.47 1 1
github.com/doomedramen/lab/apps/api/internal/service/stack.go:180.47,183.3 2 1
github.com/doomedramen/lab/apps/api/internal/service/stack.go:184.2,185.17 2 1
github.com/doomedramen/lab/apps/api/internal/service/vm.go:52.59,53.14 1 1
github.com/doomedramen/lab/apps/api/internal/service/vm.go:54.16,55.24 1 1
github.com/doomedramen/lab/apps/api/internal/service/vm.go:56.17,57.25 1 1
github.com/doomedramen/lab/apps/api/internal/service/vm.go:58.10,59.12 1 0
github.com/doomedramen/lab/apps/api/internal/service/vm.go:64.53,66.2 1 1
github.com/doomedramen/lab/apps/api/internal/service/vm.go:69.66,73.19 3 0
github.com/doomedramen/lab/apps/api/internal/service/vm.go:74.25,75.32 1 0
github.com/doomedramen/lab/apps/api/internal/service/vm.go:76.27,77.34 1 0
github.com/doomedramen/lab/apps/api/internal/service/vm.go:78.10,79.32 1 0
github.com/doomedramen/lab/apps/api/internal/service/vm.go:82.2,83.34 2 0
github.com/doomedramen/lab/apps/api/internal/service/vm.go:87.33,208.2 1 1
github.com/doomedramen/lab/apps/api/internal/service/vm.go:228.149,239.2 4 0
github.com/doomedramen/lab/apps/api/internal/service/vm.go:242.44,245.21 3 0
github.com/doomedramen/lab/apps/api/internal/service/vm.go:245.21,247.42 2 0
github.com/doomedramen/lab/apps/api/internal/service/vm.go:247.42,248.49 1 0
github.com/doomedramen/lab/apps/api/internal/service/vm.go:248.49,250.5 1 0
github.com/doomedramen/lab/apps/api/internal/service/vm.go:252.3,252.22 1 0
github.com/doomedramen/lab/apps/api/internal/service/vm.go:257.38,258.25 1 0
github.com/doomedramen/lab/apps/api/internal/service/vm.go:258.25,260.3 1 0
github.com/doomedramen/lab/apps/api/internal/service/vm.go:262.2,264.21 3 0
github.com/doomedramen/lab/apps/api/internal/service/vm.go:264.21,267.17 3 0
github.com/doomedramen/lab/apps/api/internal/service/vm.go:267.17,269.4 1 0
github.com/doomedramen/lab/apps/api/internal/service/vm.go:269.9,269.25 1 0
github.com/doomedramen/lab/apps/api/internal/service/vm.go:269.25,271.4 1 0
github.com/doomedramen/lab/apps/api/internal/service/vm.go:277.63,279.16 2 0
github.com/doomedramen/lab/apps/api/internal/service/vm.go:279.16,281.3 1 0
github.com/doomedramen/lab/apps/api/internal/service/vm.go:283.2,284.40 2 0
github.com/doomedramen/lab/apps/api/internal/service/vm.go:284.40,286.3 1 0
github.com/doomedramen/lab/apps/api/internal/service/vm.go:287.2,297.19 5 0
github.com/doomedramen/lab/apps/api/internal/service/vm.go:302.77,307.9 4 0
github.com/doomedramen/lab/apps/api/internal/service/vm.go:307.9,309.3 1 0
github.com/doomedramen/lab/apps/api/internal/service/vm.go:312.2,312.47 1 0
github.com/doomedramen/lab/apps/api/internal/service/vm.go:312.47,315.3 2 0
github.com/doomedramen/lab/apps/api/internal/service/vm.go:318.2,319.17 2 0
github.com/doomedramen/lab/apps/api/internal/service/vm.go:323.42,325.2 1 0
github.com/doomedramen/lab/apps/api/internal/service/vm.go:328.56,330.2 1 0
github.com/doomedramen/lab/apps/api/internal/service/vm.go:333.59,335.15 2 0
github.com/doomedramen/lab/apps/api/internal/service/vm.go:335.15,337.3 1 0
github.com/doomedramen/lab/apps/api/internal/service/vm.go:338.2,338.16 1 0
github.com/doomedramen/lab/apps/api/internal/service/vm.go:342.60,344.15 2 0
github.com/doomedramen/lab/apps/api/internal/service/vm.go:344.15,346.3 1 0
github.com/doomedramen/lab/apps/api/internal/service/vm.go:347.2,347.16 1 0
github.com/doomedramen/lab/apps/api/internal/service/vm.go:351.49,353.2 1 0
github.com/doomedramen/lab/apps/api/internal/service/vm.go:356.96,369.15 4 0
github.com/doomedramen/lab/apps/api/internal/service/vm.go:369.15,371.3 1 0
github.com/doomedramen/lab/apps/api/internal/service/vm.go:372.2,373.16 2 0
github.com/doomedramen/lab/apps/api/internal/service/vm.go:379.50,383.20 2 1
github.com/doomedramen/lab/apps/api/internal/service/vm.go:383.20,385.3 1 1
github.com/doomedramen/lab/apps/api/internal/service/vm.go:388.2,388.25 1 1
github.com/doomedramen/lab/apps/api/internal/service/vm.go:388.25,390.3 1 1
github.com/doomedramen/lab/apps/api/internal/service/vm.go:391.2,391.23 1 1
github.com/doomedramen/lab/apps/api/internal/service/vm.go:391.23,393.3 1 1
github.com/doomedramen/lab/apps/api/internal/service/vm.go:395.2,398.24 3 1
github.com/doomedramen/lab/apps/api/internal/service/vm.go:398.24,400.3 1 1
github.com/doomedramen/lab/apps/api/internal/service/vm.go:401.2,401.27 1 1
github.com/doomedramen/lab/apps/api/internal/service/vm.go:401.27,402.10 1 1
github.com/doomedramen/lab/apps/api/internal/service/vm.go:403.23,404.43 1 1
github.com/doomedramen/lab/apps/api/internal/service/vm.go:405.18,406.42 1 1
github.com/doomedramen/lab/apps/api/internal/service/vm.go:407.11,408.41 1 1
github.com/doomedramen/lab/apps/api/internal/service/vm.go:413.2,413.20 1 1
github.com/doomedramen/lab/apps/api/internal/service/vm.go:413.20,414.34 1 1
github.com/doomedramen/lab/apps/api/internal/service/vm.go:414.34,416.4 1 1
github.com/doomedramen/lab/apps/api/internal/service/vm.go:416.9,418.4 1 1
github.com/doomedramen/lab/apps/api/internal/service/vm.go:425.2,425.27 1 1
github.com/doomedramen/lab/apps/api/internal/service/vm.go:425.27,433.3 1 1
github.com/doomedramen/lab/apps/api/internal/service/vm.go:436.2,436.23 1 1
github.com/doomedramen/lab/apps/api/internal/service/vm.go:436.23,438.3 1 1
github.com/doomedramen/lab/apps/api/internal/service/vm.go:442.85,444.15 2 0
github.com/doomedramen/lab/apps/api/internal/service/vm.go:444.15,446.3 1 0
github.com/doomedramen/lab/apps/api/internal/service/vm.go:447.2,447.16 1 0
github.com/doomedramen/lab/apps/api/internal/service/vm.go:451.44,453.15 2 0
github.com/doomedramen/lab/apps/api/internal/service/vm.go:453.15,455.3 1 0
github.com/doomedramen/lab/apps/api/internal/service/vm.go:456.2,456.77 1 0
github.com/doomedramen/lab/apps/api/internal/service/vm.go:456.77,458.3 1 0
github.com/doomedramen/lab/apps/api/internal/service/vm.go:459.2,459.26 1 0
github.com/doomedramen/lab/apps/api/internal/service/vm.go:459.26,461.3 1 0
github.com/doomedramen/lab/apps/api/internal/service/vm.go:462.2,462.12 1 0
github.com/doomedramen/lab/apps/api/internal/service/vm.go:466.43,468.2 1 0
github.com/doomedramen/lab/apps/api/internal/service/vm.go:471.42,473.2 1 0
github.com/doomedramen/lab/apps/api/internal/service/vm.go:476.46,479.16 2 0
github.com/doomedramen/lab/apps/api/internal/service/vm.go:479.16,481.3 1 0
github.com/doomedramen/lab/apps/api/internal/service/vm.go:484.2,484.26 1 0
github.com/doomedramen/lab/apps/api/internal/service/vm.go:484.26,488.17 3 0
github.com/doomedramen/lab/apps/api/internal/service/vm.go:488.17,491.4 1 0
github.com/doomedramen/lab/apps/api/internal/service/vm.go:493.3,493.41 1 0
github.com/doomedramen/lab/apps/api/internal/service/vm.go:493.41,496.4 1 0
github.com/doomedramen/lab/apps/api/internal/service/vm.go:500.2,501.26 2 0
github.com/doomedramen/lab/apps/api/internal/service/vm.go:505.43,507.2 1 0
github.com/doomedramen/lab/apps/api/internal/service/vm.go:510.44,512.2 1 0
github.com/doomedramen/lab/apps/api/internal/service/vm.go:515.44,517.2 1 0
github.com/doomedramen/lab/apps/api/internal/service/vm.go:531.75,534.16 2 0
github.com/doomedramen/lab/apps/api/internal/service/vm.go:534.16,536.3 1 0
github.com/doomedramen/lab/apps/api/internal/service/vm.go:539.2,541.16 3 0
github.com/doomedramen/lab/apps/api/internal/service/vm.go:541.16,543.3 1 0
github.com/doomedramen/lab/apps/api/internal/service/vm.go:546.2,547.28 2 0
github.com/doomedramen/lab/apps/api/internal/service/vm.go:547.28,557.3 1 0
github.com/doomedramen/lab/apps/api/internal/service/vm.go:560.2,560.22 1 0
github.com/doomedramen/lab/apps/api/internal/service/vm.go:560.22,561.88 1 0
github.com/doomedramen/lab/apps/api/internal/service/vm.go:561.88,571.4 1 0
github.com/doomedramen/lab/apps/api/internal/service/vm.go:574.2,574.20 1 0
github.com/doomedramen/lab/apps/api/internal/service/vm.go:578.73,579.22 1 0
github.com/doomedramen/lab/apps/api/internal/service/vm.go:579.22,581.3 1 0
github.com/doomedramen/lab/apps/api/internal/service/vm.go:583.2,587.28 3 0
github.com/doomedramen/lab/apps/api/internal/service/vm.go:587.28,595.3 1 0
github.com/doomedramen/lab/apps/api/internal/service/vm.go:597.2,597.55 1 0
github.com/doomedramen/lab/apps/api/internal/service/vm.go:601.108,602.22 1 0
github.com/doomedramen/lab/apps/api/internal/service/vm.go:602.22,604.3 1 0
github.com/doomedramen/lab/apps/api/internal/service/vm.go:606.2,607.70 2 0
github.com/doomedramen/lab/apps/api/internal/service/vm.go:611.134,613.16 2 0
github.com/doomedramen/lab/apps/api/internal/service/vm.go:613.16,615.3 1 0
github.com/doomedramen/lab/apps/api/internal/service/vm.go:616.2,622.38 5 0
github.com/doomedramen/lab/apps/api/internal/service/vm.go:622.38,626.3 3 0
github.com/doomedramen/lab/apps/api/internal/service/vm.go:628.2,628.31 1 0
github.com/doomedramen/lab/apps/api/internal/service/vm.go:632.133,634.16 2 0
github.com/doomedramen/lab/apps/api/internal/service/vm.go:634.16,636.3 1 0
github.com/doomedramen/lab/apps/api/internal/service/vm.go:637.2,643.38 5 0
github.com/doomedramen/lab/apps/api/internal/service/vm.go:643.38,645.17 2 0
github.com/doomedramen/lab/apps/api/internal/service/vm.go:645.17,648.4 2 0
github.com/doomedramen/lab/apps/api/internal/service/vm.go:651.2,651.31 1 0
github.com/doomedramen/lab/apps/api/internal/service/vm.go:655.138,659.16 3 0
github.com/doomedramen/lab/apps/api/internal/service/vm.go:659.16,661.3 1 0
github.com/doomedramen/lab/apps/api/internal/service/vm.go:663.2,665.21 3 0
github.com/doomedramen/lab/apps/api/internal/service/vm.go:665.21,668.3 2 0
github.com/doomedramen/lab/apps/api/internal/service/vm.go:670.2,670.21 1 0
github.com/doomedramen/lab/apps/api/internal/service/vm.go:674.122,678.19 2 0
github.com/doomedramen/lab/apps/api/internal/service/vm.go:679.29,682.109 3 0
github.com/doomedramen/lab/apps/api/internal/service/vm.go:683.29,684.98 1 0
github.com/doomedramen/lab/apps/api/internal/service/vm.go:685.28,686.97 1 0
github.com/doomedramen/lab/apps/api/internal/service/vm.go:690.2,695.25 4 0
github.com/doomedramen/lab/apps/api/internal/service/vm.go:695.25,696.34 1 0
github.com/doomedramen/lab/apps/api/internal/service/vm.go:696.34,698.63 2 0
github.com/doomedramen/lab/apps/api/internal/service/vm.go:698.63,700.5 1 0
github.com/doomedramen/lab/apps/api/internal/service/vm.go:701.4,701.20 1 0
github.com/doomedramen/lab/apps/api/internal/service/vm.go:701.20,703.5 1 0
github.com/doomedramen/lab/apps/api/internal/service/vm.go:704.4,704.67 1 0
github.com/doomedramen/lab/apps/api/internal/service/vm.go:709.2,709.40 1 0
github.com/doomedramen/lab/apps/api/internal/service/vm.go:709.40,713.3 3 0
github.com/doomedramen/lab/apps/api/internal/service/vm.go:715.2,715.16 1 0
github.com/doomedramen/lab/apps/api/internal/service/vm.go:719.80,722.16 2 0
github.com/doomedramen/lab/apps/api/internal/service/vm.go:722.16,724.3 1 0
github.com/doomedramen/lab/apps/api/internal/service/vm.go:725.2,729.16 3 0
github.com/doomedramen/lab/apps/api/internal/service/vm.go:729.16,731.3 1 0
github.com/doomedramen/lab/apps/api/internal/service/vm.go:732.2,736.16 3 0
github.com/doomedramen/lab/apps/api/internal/service/vm.go:736.16,738.3 1 0
github.com/doomedramen/lab/apps/api/internal/service/vm.go:741.2,742.16 2 0
github.com/doomedramen/lab/apps/api/internal/service/vm.go:742.16,744.3 1 0
github.com/doomedramen/lab/apps/api/internal/service/vm.go:746.2,747.16 2 0
github.com/doomedramen/lab/apps/api/internal/service/vm.go:747.16,749.3 1 0
github.com/doomedramen/lab/apps/api/internal/service/vm.go:752.2,753.16 2 0
github.com/doomedramen/lab/apps/api/internal/service/vm.go:753.16,755.3 1 0
github.com/doomedramen/lab/apps/api/internal/service/vm.go:758.2,759.16 2 0
github.com/doomedramen/lab/apps/api/internal/service/vm.go:759.16,761.3 1 0
github.com/doomedramen/lab/apps/api/internal/service/vm.go:764.2,765.16 2 0
github.com/doomedramen/lab/apps/api/internal/service/vm.go:765.16,767.3 1 0
github.com/doomedramen/lab/apps/api/internal/service/vm.go:770.2,771.16 2 0
github.com/doomedramen/lab/apps/api/internal/service/vm.go:771.16,773.3 1 0
github.com/doomedramen/lab/apps/api/internal/service/vm.go:776.2,777.16 2 0
github.com/doomedramen/lab/apps/api/internal/service/vm.go:777.16,779.3 1 0
github.com/doomedramen/lab/apps/api/internal/service/vm.go:782.2,814.8 6 0
github.com/doomedramen/lab/apps/api/internal/service/vm.go:818.60,819.15 1 0
github.com/doomedramen/lab/apps/api/internal/service/vm.go:820.30,821.19 1 0
github.com/doomedramen/lab/apps/api/internal/service/vm.go:822.30,823.19 1 0
github.com/doomedramen/lab/apps/api/internal/service/vm.go:824.30,825.19 1 0
github.com/doomedramen/lab/apps/api/internal/service/vm.go:826.29,827.18 1 0
github.com/doomedramen/lab/apps/api/internal/service/vm.go:828.31,829.20 1 0
github.com/doomedramen/lab/apps/api/internal/service/vm.go:830.30,831.19 1 0
github.com/doomedramen/lab/apps/api/internal/service/vm.go:832.30,833.19 1 0
github.com/doomedramen/lab/apps/api/internal/service/vm.go:834.34,835.23 1 0
github.com/doomedramen/lab/apps/api/internal/service/vm.go:836.10,837.19 1 0
github.com/doomedramen/lab/apps/api/internal/service/vm.go:842.77,846.2 1 0
github.com/doomedramen/lab/apps/api/internal/service/vm.go:849.82,852.19 2 0
github.com/doomedramen/lab/apps/api/internal/service/vm.go:852.19,854.3 1 0
github.com/doomedramen/lab/apps/api/internal/service/vm.go:857.2,858.50 2 0
github.com/doomedramen/lab/apps/api/internal/service/vm.go:858.50,860.3 1 0
github.com/doomedramen/lab/apps/api/internal/service/vm.go:862.2,862.58 1 0
github.com/doomedramen/lab/apps/api/internal/service/vm.go:862.58,864.3 1 0
github.com/doomedramen/lab/apps/api/internal/service/vm.go:866.2,866.44 1 0
github.com/doomedramen/lab/apps/api/internal/service/vm.go:866.44,867.28 1 0
github.com/doomedramen/lab/apps/api/internal/service/vm.go:867.28,868.12 1 0
github.com/doomedramen/lab/apps/api/internal/service/vm.go:871.3,877.30 2 0
github.com/doomedramen/lab/apps/api/internal/service/vm.go:877.30,879.4 1 0
github.com/doomedramen/lab/apps/api/internal/service/vm.go:881.3,881.34 1 0
github.com/doomedramen/lab/apps/api/internal/service/vm.go:884.2,884.14 1 0
github.com/doomedramen/lab/apps/api/internal/service/vm.go:888.95,893.16 3 0
github.com/doomedramen/lab/apps/api/internal/service/vm.go:893.16,895.3 1 0
github.com/doomedramen/lab/apps/api/internal/service/vm.go:898.2,898.59 1 0
github.com/doomedramen/lab/apps/api/internal/service/vm.go:898.59,900.70 1 0
github.com/doomedramen/lab/apps/api/internal/service/vm.go:900.70,902.58 2 0
github.com/doomedramen/lab/apps/api/internal/service/vm.go:902.58,903.64 1 0
github.com/doomedramen/lab/apps/api/internal/service/vm.go:903.64,905.6 1 0
github.com/doomedramen/lab/apps/api/internal/service/vm.go:909.3,909.76 1 0
github.com/doomedramen/lab/apps/api/internal/service/vm.go:909.76,911.60 2 0
github.com/doomedramen/lab/apps/api/internal/service/vm.go:911.60,913.5 1 0
github.com/doomedramen/lab/apps/api/internal/service/vm.go:918.2,920.13 2 0
github.com/doomedramen/lab/apps/api/internal/service/vm.go:924.61,929.6 3 0
github.com/doomedramen/lab/apps/api/internal/service/vm.go:929.6,931.14 2 0
github.com/doomedramen/lab/apps/api/internal/service/vm.go:931.14,932.9 1 0
github.com/doomedramen/lab/apps/api/internal/service/vm.go:934.3,936.17 3 0
github.com/doomedramen/lab/apps/api/internal/service/vm.go:936.17,937.9 1 0
github.com/doomedramen/lab/apps/api/internal/service/vm.go:939.3,943.68 3 0
github.com/doomedramen/lab/apps/api/internal/service/vm.go:943.68,945.66 2 0
github.com/doomedramen/lab/apps/api/internal/service/vm.go:945.66,947.5 1 0
github.com/doomedramen/lab/apps/api/internal/service/vm.go:949.3,950.26 2 0
github.com/doomedramen/lab/apps/api/internal/service/vm.go:954.2,955.6 2 0
github.com/doomedramen/lab/apps/api/internal/service/vm.go:955.6,957.14 2 0
github.com/doomedramen/lab/apps/api/internal/service/vm.go:957.14,958.9 1 0
github.com/doomedramen/lab/apps/api/internal/service/vm.go:960.3,962.17 3 0
github.com/doomedramen/lab/apps/api/internal/service/vm.go:962.17,963.9 1 0
github.com/doomedramen/lab/apps/api/internal/service/vm.go:965.3,968.69 3 0
github.com/doomedramen/lab/apps/api/internal/service/vm.go:968.69,970.66 2 0
github.com/doomedramen/lab/apps/api/internal/service/vm.go:970.66,972.5 1 0
github.com/doomedramen/lab/apps/api/internal/service/vm.go:974.3,975.28 2 0
github.com/doomedramen/lab/apps/api/internal/service/vm.go:978.2,978.16 1 0
github.com/doomedramen/lab/apps/api/internal/service/vm.go:982.57,987.16 3 0
github.com/doomedramen/lab/apps/api/internal/service/vm.go:987.16,989.3 1 0
github.com/doomedramen/lab/apps/api/internal/service/vm.go:990.2,1000.16 6 0
github.com/doomedramen/lab/apps/api/internal/service/vm.go:1000.16,1006.3 1 0
github.com/doomedramen/lab/apps/api/internal/service/vm.go:1008.2,1008.13 1 0
